1 132
3 156 188 90
1 98
1 206
0
5 281 202 101 181 289
1 192
3 85 134 74
3 203 193 153
7 161 56 125 113 26 186 169
1 27
5 127 131 45 106 233
4 214 22 255 256
1 3
0
2 163 248
0
3 129 191 69
1 50
8 296 212 299 210 137 144 295 67
1 55
2 160 143
0
0
5 108 159 218 124 115
0
5 180 72 13 225 270
2 111 71
3 241 272 2
0
7 91 254 11 199 31 142 149
1 265
0
1 30
0
3 112 66 183
0
7 260 226 172 222 23 138 145
0
3 93 242 231
3 249 232 121
0
3 209 6 49
3 61 42 152
3 60 298 190
0
5 7 62 285 205 257
4 95 263 57 96
4 177 269 119 293
0
5 75 267 32 194 247
4 259 105 5 37
8 136 107 245 230 14 114 176 135
0
0
8 58 261 128 157 140 83 279 178
2 244 262
3 282 109 77
2 196 240
3 79 258 266
2 204 288
4 148 187 20 251
3 237 182 130
3 170 291 280
4 227 38 28 64
1 250
6 15 53 185 25 78 94
3 207 10 141
0
0
0
5 133 63 158 219 229
0
4 200 236 147 100
1 215
0
4 277 146 73 12
4 273 40 287 223
1 48
5 162 238 51 120 175
3 104 47 9
3 123 211 165
2 217 46
6 290 166 102 239 117 173
3 68 297 189
6 174 243 197 139 292 84
3 271 235 35
1 278
5 18 253 264 1 274
0
8 216 88 246 276 44 29 126 52
2 21 228
6 0 184 103 283 17 97
4 213 89 118 43
0
2 154 151
4 39 86 16 252
2 224 284
6 82 195 76 201 59 208
3 294 268 155
