24 1209 375 5304 4475 1635 7355 8493 7179 4899 3525 2485 2226 2860 888 2746 5397 8964 2594 1301 3703 472 2312 7625 9476
33 6466 2061 4495 8787 3148 6747 4084 2881 9511 9065 4123 4696 7515 5915 3974 3432 2021 5313 4578 1179 5068 6027 3545 4000 5084 8056 6124 3248 8714 9759 4474 5224 5828
20 5018 4948 7891 2605 6969 8504 1023 1814 6760 8405 3872 182 9365 2638 1120 4203 8863 321 4723 1633
28 9313 372 1353 8578 9286 4775 6681 4734 3924 8431 7865 1065 909 6522 5274 9363 4252 5261 9115 5013 8781 9257 4412 6993 8744 2010 322 6148
21 2519 7561 7455 1860 7117 7927 498 9702 4409 2355 7513 5824 1364 2565 83 6926 3121 3079 1982 5877 7972
29 4525 6916 6228 8184 5120 1541 6915 6824 946 4060 2936 7531 9327 8930 4425 787 124 6936 2349 9204 2968 3576 8152 9484 2258 7527 325 4338 8850
18 88 768 8783 9306 1959 8991 5371 9006 651 1442 3488 1408 6334 8232 2750 6419 1210 8480
24 7109 6123 3915 8155 5695 4034 3675 396 4247 6677 8815 2205 857 4890 9278 4075 9049 4465 2583 797 234 9555 8138 181
16 2465 9325 2008 8587 5237 7779 3227 5625 3660 4276 6299 2712 6704 9211 7027 8422
20 4309 9449 5818 5453 7448 3122 4944 7221 3476 6806 5670 4582 4217 9428 999 7497 1058 503 5742 5825
35 5970 8329 580 3697 6150 493 7277 9202 3669 4147 6800 6140 9248 6156 8502 2945 953 5519 6176 5715 1964 7917 6075 9788 3254 9217 834 3627 6950 6779 1495 6524 3440 910 7410
18 4839 2384 7337 5421 7021 9958 8966 2363 3582 8633 9057 8090 185 1127 1909 3591 8535 2508
15 719 1973 3501 5741 8668 653 2895 2726 1526 6700 5095 8278 7042 1139 7049
24 6031 4428 922 348 5557 3305 4456 6642 2722 740 4591 3277 9894 8845 5401 7258 7452 73 4162 4451 4759 4273 8238 8217
22 187 1040 394 2942 3384 9267 5711 208 6567 3623 3469 9322 7205 7502 399 4259 2694 4280 9471 7706 4253 7522
11 1066 8890 9579 3206 8454 1161 1490 8451 6978 8972 4900
31 5335 6807 8406 1563 3475 9975 6757 934 3570 8460 2715 1850 242 7886 5420 4176 4513 9356 2826 2743 6723 2929 673 899 2098 302 6210 295 4841 7824 2658
34 8175 7401 1735 6843 1406 9544 6756 3199 1491 5107 6023 8412 252 7415 4224 5725 6726 4688 9043 1501 9630 8161 8006 2619 2533 3431 8183 8558 3971 6569 1966 3093 5404 3631
17 1560 1978 8209 2143 730 7874 8192 8108 6954 9898 1617 2301 5204 1400 1060 8137 2724
26 3580 8395 3655 1625 7102 2382 7628 9262 2706 6657 342 6868 7630 8258 1485 261 4166 3427 3059 7593 9653 7484 3504 6514 1226 2813
23 6252 8426 5100 9729 4776 1960 2 1980 7178 9270 2796 1094 5739 9017 7294 2579 3800 5236 9600 6817 2133 5293 1359
31 7965 273 1888 9901 6404 4208 1697 4154 5240 4028 3433 5437 3790 2315 575 8906 3508 7930 9597 1782 1405 5144 9203 746 5269 6074 9591 9296 430 4790 9304
21 2432 6831 6649 7849 7687 2079 8073 933 3022 8642 9364 1412 7197 2467 5001 9998 1624 6683 5862 1163 5513
22 1178 5746 1937 40 8638 5289 8027 2713 5042 3593 4647 8627 1781 6667 4118 4492 5898 9760 4735 299 1652 3643
40 6002 4855 4307 3030 4877 2538 8978 3105 2399 9575 2041 6739 8368 823 7256 9858 8617 5400 9980 2921 8366 3163 7259 1820 3913 1606 9093 7056 9772 6194 8100 8384 5119 7035 5972 9878 4160 7348 1454 8897
3 8773 6420 6527
32 8292 9283 6044 5743 7319 825 2982 2181 8882 9742 8243 4331 1101 7014 4406 3846 538 3748 5183 6763 2685 3598 4459 2202 8197 4766 7989 2145 7261 86 5652 6795
24 7475 3444 3103 4098 6912 7097 3905 7645 4906 2768 2004 7168 3567 1420 8759 4563 810 1095 1419 1043 1497 9560 4310 2300
19 2920 4618 5885 610 2531 3236 7329 3129 4826 6425 7668 4450 425 5700 9167 7483 7147 3837 2845
34 4094 5769 157 4882 7088 6110 457 8868 4938 942 8228 6359 6243 2766 3509 698 3292 5532 7454 7966 738 1183 8931 9399 8270 2822 9746 522 5047 5499 7281 6011 1418 9834
10 3629 541 5406 7227 3507 4996 4522 7776 707 9601
20 677 2316 5341 8675 1194 5006 8768 8188 5576 6081 3909 281 7754 9328 754 7220 5909 3330 3920 6686
27 6670 4143 8420 6529 8739 1970 2261 1693 9134 159 4636 7176 8741 9292 6970 8961 5117 6286 8584 8498 8417 1321 932 8982 8070 4308 7223
33 1757 622 2327 5358 8629 6296 6409 5054 992 7342 5861 4397 8843 320 2561 7461 7260 4960 6588 4067 6510 7514 9149 1807 3927 5788 8724 6112 6664 1242 9703 4918 8414
21 5440 3555 2941 1724 3596 6493 6851 3317 839 4020 7710 6024 2385 1511 5899 7501 4426 7488 3824 4812 8862
30 2571 1005 61 567 6329 7230 8715 6245 5158 6133 7555 2192 4892 4263 7620 4942 7363 4915 941 2091 5392 1806 8734 3978 1739 7317 2914 5388 1295 1562
27 9913 9406 4029 3818 9159 8560 7274 2025 3845 3673 8974 6240 7626 2903 4369 6308 7333 160 8336 4926 954 7597 5048 9580 2876 6051 3528
18 4078 3693 1113 8588 9251 4722 8569 9312 1007 5775 1848 8866 1379 5657 4197 9004 3533 5265
20 8310 9675 8342 7186 3608 8998 6679 4188 1822 6117 4218 8625 9807 860 1788 8053 4193 4568 3812 1304
23 4008 7040 2986 6607 7129 1489 3381 1947 3599 7505 7378 2328 6142 868 5414 2650 1703 2193 7487 9336 590 8375 2509
15 303 4346 3025 9187 2738 9137 3976 6255 9680 8989 8747 8951 2304 1817 8677
11 1335 2869 7911 666 4940 8064 7560 9780 6583 644 710
17 7013 1628 1688 7330 5490 2499 8393 9854 5800 7089 3084 7358 9024 9198 6782 1306 3617
9 1315 1833 6418 8024 3202 2144 8057 8337 8429
33 9707 6541 8489 2641 2748 6168 3188 6021 4493 6967 9809 9177 4800 5622 285 714 3231 4272 517 5793 7945 3018 8528 5467 9605 324 3957 8455 8078 2730 5942 5125 5543
26 5299 961 489 6654 1630 5510 5466 3403 565 3966 3370 3051 3117 1102 6041 4453 5664 151 1911 8993 2398 7790 2662 7345 2183 978
11 6783 1135 7152 8946 1915 8905 4484 2237 1452 438 8726
14 7463 222 585 7318 3708 1977 9368 518 6578 8048 3164 2317 7439 9803
21 3696 6155 1004 7830 5134 1302 8264 8432 9835 1765 2646 6691 4999 1358 1270 5505 176 9775 1347 5988 4540
9 4377 9550 7648 7829 6925 2901 6443 7909 7519
28 6412 5598 8698 3918 8020 2293 4910 7248 9562 1910 671 4645 9833 6630 4981 9433 561 6830 4971 4963 1730 1205 4436 4298 8092 2763 8255 8433
36 2135 6961 9698 4984 7357 1030 5541 601 511 7759 7019 5457 1048 716 1348 9208 4628 6447 1387 5259 3137 3511 3391 8473 8162 5418 5561 6217 1938 2592 4216 2210 480 5443 3975 6434
32 2949 29 6780 3257 6875 3017 3050 1684 3537 871 2702 6056 3007 4856 9919 9185 5767 1941 3967 6938 6869 7121 9502 973 7639 236 5544 4820 3611 7950 9215 8371
34 1543 1664 2429 6767 1609 2788 2511 6473 3114 8795 7245 1631 775 1859 4105 6659 5907 7726 4711 543 6459 7615 5728 5738 7094 4678 5328 7774 3337 2683 5363 6955 4133 3014
9 6403 2791 6280 3326 9156 2220 4939 3496 8563
20 3156 4150 5402 1323 6786 502 4482 5756 5082 6062 1872 6582 4329 8623 1576 2457 2224 757 220 1722
18 9393 3654 984 7313 5805 2587 1486 7670 3011 404 4488 4022 8452 5434 7481 535 7375 4243
31 1515 2020 5902 3546 9649 5517 135 5816 5303 2999 2033 767 5764 1748 8150 3710 5310 6083 8933 5052 9665 2752 7942 8215 14 1462 504 7390 8808 5390 296
14 1992 8204 7140 7948 8345 9781 6944 2318 7083 9383 4392 6931 383 2163
22 7928 55 1993 9935 5990 5089 8440 5347 6729 7386 4966 3373 2966 8413 2065 912 4675 1956 4142 5494 5179 5749
14 4435 3239 7064 5991 5062 9518 4808 3041 6401 9614 424 8674 9396 5504
22 8640 2912 9411 2297 3906 816 6820 26 2365 6996 2615 3187 2987 5871 3886 9154 4230 7537 2353 4091 616 1134
29 3869 9523 3457 5227 7889 7846 9602 1010 9485 7323 9071 9613 7466 8257 2206 3421 1193 5210 2931 2580 1320 6129 6935 2194 3143 5533 7814 6433 6113
19 3253 3471 9291 6656 6658 6304 1221 5212 4613 5892 9538 1324 7239 1459 8605 6214 5508 4803 3928
23 474 5161 3245 8586 7546 7572 1500 3615 9492 8831 85 2781 6279 4857 2346 451 2113 2158 2294 9940 6288 3402 9472
40 5868 5381 9733 1492 945 4635 3816 7683 6742 6749 2600 6825 2368 8523 987 9000 9553 9843 5878 8997 3130 2789 6528 6827 1596 2403 4341 2701 7084 5893 5531 9427 5065 7611 7953 9486 9721 8120 2019 5841
22 84 297 8509 789 1588 4115 7666 5135 7595 3165 2415 9054 1461 8307 5999 4893 5180 4420 983 9700 6997 4750
21 7956 5649 8224 1338 7474 3874 6699 5470 3101 4608 8976 467 2068 3383 8356 8139 251 8666 7723 3097 3543
21 2695 6952 2589 5189 6475 284 7253 5409 1415 7794 1271 1692 1598 6713 8571 7295 8165 3238 4606 2410 5244
14 2356 3281 6361 7810 9463 5480 1411 7052 2389 8538 5230 6919 1261 9430
11 7399 8728 2507 1438 3160 8967 3959 6496 4506 1088 8543
30 568 7229 7612 8566 4761 5626 3789 5050 5169 8695 7573 3765 6223 2370 6423 5268 1371 7414 8362 8242 5863 9423 7377 3312 4516 4242 7968 9977 3043 8507
42 9976 8962 4066 8932 109 4511 7638 802 4410 4285 8995 8403 8378 120 8800 7822 4213 3761 275 3556 4851 9498 6722 771 5810 8297 8643 5085 276 87 2392 9893 1129 2252 4896 8036 1425 6676 2376 4319 9753 4124
16 4379 9121 6274 7921 3272 4998 4424 4418 794 1254 9938 391 840 2862 5848 1929
19 3607 4637 6965 3409 368 7778 9583 3452 2676 6945 33 6144 5609 7977 9960 7568 6032 998 142
11 5497 8703 8102 1384 9459 1435 443 1653 1547 3589 2897
16 9847 2576 6424 7028 1593 9401 9813 2718 5284 6464 9446 6461 3871 5057 669 4432
25 8878 5387 1863 7692 8116 826 9151 6907 6864 2383 2452 1308 5704 3455 7944 6282 1432 7623 7518 8114 8572 4324 1586 9736 5020
10 9752 6115 5716 2176 4089 885 8600 7181 7981 3638
20 2735 3371 4687 6269 8158 2422 6711 4863 4003 2997 494 872 6539 5924 270 8923 4823 526 8098 4268
18 9084 6633 3147 9171 272 4264 3547 9403 3389 9699 5496 9726 6690 1662 3322 4864 807 6227
20 7429 4842 6694 5213 4885 9768 1002 5815 7148 5278 6605 2595 8218 2678 207 4304 4631 5066 2879 89
19 7657 7141 5027 2166 3603 9925 9826 8234 7421 9094 4458 1334 763 8717 3644 3033 59 4553 5714
21 4090 741 6900 8711 354 8481 9939 72 5911 4712 8294 4771 3353 3730 6487 9932 7885 4052 3679 4158 9326
10 3442 7640 8213 9090 1689 8351 4807 856 2660 2617
40 5693 2278 4536 5948 2026 3866 5699 4250 7698 1460 986 9923 6698 353 2314 799 4114 4498 1402 1702 4746 9739 5427 5270 5789 1329 5956 5542 1484 5974 8942 7202 2070 5894 758 9876 3110 4047 5697 8921
15 672 3578 5377 387 3127 2034 3847 453 512 7788 7651 5355 6632 6400 7760
22 6822 7862 9595 8546 2343 4590 255 7635 6802 1851 7598 6180 8839 3769 8751 191 2310 1258 5545 3836 675 465
39 4494 6913 9473 4164 9890 4207 7190 100 4639 4541 244 382 7924 8428 1603 3999 7538 4237 1999 1125 4512 8381 668 7652 8887 7400 6500 6295 5493 8913 9883 7238 9025 3107 8770 4350 8690 8884 5312
33 549 6456 8029 1651 9805 7446 7494 1474 5847 6416 3646 1448 695 3498 1714 4388 7321 8621 9506 6483 7549 6215 4039 2149 5832 2125 3071 165 8369 2450 1064 9765 6170
21 9619 1528 113 7114 9852 2975 1518 3411 8940 2654 2075 2547 8111 9708 8467 9606 2993 831 3637 9281 5629
34 1305 734 219 8458 2784 5205 7580 8637 1986 2338 9429 3993 2187 4477 6460 4866 4623 7898 1383 8616 2268 686 5827 2911 3306 3642 9841 8442 9069 6934 5121 1868 0 5821
19 9563 4586 4223 4661 9382 1580 830 146 1331 4400 9019 5597 6079 7469 2629 3324 4220 7676 8154
13 6263 8840 9046 7325 8026 7539 7251 143 2961 5536 5964 8178 9227
31 5192 583 3410 3249 7320 2928 3910 3585 4137 4704 6407 3482 9822 9896 2417 4014 1259 3689 129 3725 7388 6797 6666 8561 5867 8142 6209 762 3134 7766 3042
30 3055 3564 1227 1013 6741 5636 1260 7174 7364 7411 643 4117 1429 8746 2498 5031 6540 9732 2567 4026 7288 8680 9663 7023 7151 7985 1115 1318 638 939
24 1097 957 4056 1838 7180 5112 3024 3362 867 2311 3336 9431 5035 8443 5918 8704 9875 648 5949 7751 901 4671 7641 8210
23 4601 3149 5343 9685 3067 41 989 5477 7382 2212 1236 1244 4534 3189 5595 9051 3287 2868 9971 1136 3719 5416 5108
19 9003 268 1879 6199 9851 9316 3830 9353 3885 5234 102 6989 6716 3829 2907 4470 3752 3331 8824
33 2247 2774 5858 7243 6634 4705 6618 8485 1896 9701 9823 4550 1391 1681 2513 3039 1753 510 484 1171 4748 3223 3943 312 5410 2723 4463 8925 9432 3820 2698 4156 3586
22 2015 1734 9576 3439 2407 9849 6181 6581 7510 7536 9578 8676 2980 2807 8619 7343 8282 5591 9749 3791 2691 4186
30 4742 9216 1815 2296 1372 6849 6804 9874 2305 5668 3544 1884 9158 5193 636 2272 1428 5004 3447 6353 3061 5754 9021 7304 8281 301 4479 5939 8001 7252
24 700 5245 4546 1527 1640 3073 9345 9182 1686 3215 8970 967 7493 6345 2645 458 8553 1274 8503 3781 20 6271 4813 2225
18 423 7119 5881 2536 2106 9412 6536 4657 6000 1146 8031 5327 5673 5787 2474 4181 1961 6096
18 8518 9979 3049 1024 720 9252 7926 2420 5736 3889 2002 390 8423 7269 879 7069 144 8260
9 1273 6039 5352 916 5102 8565 5747 829 7482
16 8731 6160 3540 6164 5562 4415 5140 2367 5339 551 5945 1028 2050 9451 6349 1931
31 6689 6198 3008 8021 6307 3108 210 2937 6089 3770 4986 6593 6248 2246 1071 7024 6042 2859 4801 8649 8250 2371 6617 5707 1216 2491 5596 7489 2839 4049 3618
11 9514 4829 1186 6211 7935 1029 9941 1513 6620 22 492
23 2720 8559 5222 7287 8792 7196 1245 3261 4653 4314 9474 8067 9225 5080 5851 264 784 441 5024 1641 6853 7756 3120
20 7861 1269 726 6265 8681 8128 3732 9033 3124 3057 2602 5564 4236 4677 397 7809 5492 2908 7881 6470
18 3090 6321 5724 7646 3013 6852 3034 6599 3626 3681 2953 1141 8269 6294 2322 170 3880 2271
31 713 9020 19 9347 8774 5017 9549 7685 330 1963 5952 7729 6082 1943 3372 6386 8814 9321 7352 5326 6131 2719 3446 1017 3355 532 389 8891 1542 7533 3289
23 6277 3743 3667 3579 400 8536 1276 8772 6438 6216 751 8806 1168 1458 969 3086 3214 7307 3914 7184 3020 8319 5003
13 5934 7468 5526 2785 4650 7268 3002 12 8363 8222 1202 3797 6439
23 6901 3168 1874 7534 282 6778 1786 386 238 4316 5802 6545 804 8777 7431 5395 9168 8613 1602 9811 2185 406 3612
9 6815 1866 7108 1949 3854 2804 2241 3341 548
22 7070 9626 190 4414 2963 5049 3490 497 8059 6638 1239 8030 106 9027 5323 1166 6883 9607 6682 693 359 8596
15 4679 5996 118 6426 2248 7339 5473 8007 9706 7462 8539 9821 9233 1069 9360
4 5445 2418 5770 4321
13 1105 6192 9064 2866 9148 7423 7051 3492 6968 8372 811 796 464
22 2883 4644 8254 9912 30 2958 2057 3722 8911 8199 4517 9667 4870 9456 7280 4931 7158 8223 6988 447 1808 6063
26 3817 9581 7293 739 9920 9011 9116 6182 617 1537 5914 6548 2504 8360 8532 528 3076 4110 4229 1390 7359 7995 9787 2502 6241 966
12 9305 8271 8484 699 271 4980 9045 9640 6340 8187 4027 4023
33 4059 9670 3276 1090 1995 2216 57 2927 475 6346 9481 3867 2107 9644 1123 5958 3 1296 4567 7871 745 570 6328 3413 5762 9439 4108 1506 3571 587 1809 6191 7681
30 1138 2944 6924 9769 1723 9795 3807 5751 6270 6597 876 9882 4858 3174 67 2479 6838 2358 6396 8471 2918 6105 5153 4518 5823 2433 3558 926 6911 7937
12 5324 4788 2324 9691 9806 6710 2442 3047 9138 1721 8662 9377
11 1867 3321 9232 7589 466 4261 5883 2289 5408 4556 6342
9 4758 3647 2209 7832 2003 8733 1694 2005 1022
27 311 428 2395 1309 2156 4104 5559 2501 4489 7007 4487 1761 2552 6077 5761 2800 2849 5774 54 2361 9119 3853 9637 1288 9545 5354 7472
12 6381 8086 5744 9965 6942 9483 576 6933 1144 8900 8948 1367
18 2917 8564 9052 6053 6338 3614 6904 2466 8107 4175 9953 960 706 2196 3407 4728 1473 2117
34 6706 8189 6558 5890 6125 7574 4875 9527 4595 2954 4244 6865 3592 8491 1466 1314 214 5484 7340 8318 2489 4708 1103 110 652 9059 9373 4129 6136 5248 8327 8461 1923 5173
14 7957 2313 8557 3572 4833 7975 7086 9947 3375 2000 5287 5426 1211 4796
11 769 7716 5550 7835 6725 1935 5817 8333 9711 4865 1006
27 519 8520 5727 8376 2335 6003 8419 1685 225 6078 4398 2558 979 7407 536 7823 7866 4086 3832 1945 5984 9372 3297 4303 8893 4570 5147
29 5717 3294 3459 3176 1240 9586 6402 7191 2797 6268 1944 202 3597 9880 6829 6891 9725 7137 4573 2469 5229 4466 9794 1726 7183 756 9552 9311 9013
20 4071 2828 696 7116 9282 533 1601 3453 7665 3904 8719 7046 1675 4444 6918 1764 6631 2073 4057 6665
19 606 8179 1228 5721 3833 1430 2984 3754 4111 5040 5959 5267 670 1840 9103 1719 4730 8047 2625
14 8708 554 7156 7575 4773 9522 4146 5142 3309 2747 4275 8611 8279 7601
14 3549 1794 7993 8848 3991 8766 4411 3635 1478 2326 1972 9942 3347 6019
30 7499 7877 7709 7198 2520 9627 718 4830 9751 3451 4497 5160 5465 1934 3610 133 3494 2478 1286 4333 3917 917 53 4737 9005 9840 9147 7476 980 8949
18 1776 1447 1984 5332 4930 5582 4092 1988 4619 6813 8016 7071 9126 6233 7450 4390 3887 479
33 8477 7188 3005 9985 7373 572 5866 1152 2126 7096 459 7267 6085 4378 9480 6513 9683 7331 1265 5590 571 4427 8577 2705 5096 6291 6489 1983 6890 3218 8941 9131 6221
29 3307 1332 817 5359 9869 6818 4205 8973 560 2919 9284 4249 1716 2630 6102 5692 6758 1654 9924 5612 7124 1483 9443 3087 2703 5884 6889 3965 737
34 6663 5971 2436 4794 8346 1655 6503 9018 8529 7642 4326 9950 7370 7727 7689 8105 7587 3449 5104 859 5681 8656 5850 6611 9603 2066 1373 2707 4589 265 2593 8606 9577 5672
11 5235 6662 1192 8895 9455 2604 602 8888 5563 4127 8131
11 5300 3333 4260 1674 4848 4225 3193 9440 1116 2414 5071
32 9409 1883 1605 4706 4437 9495 3557 2663 1263 9165 4888 4756 9264 6301 4515 9994 8140 6036 3045 3135 3926 2416 3822 6768 2255 5930 5319 7863 8216 7834 7214 5758
32 8950 8055 277 5090 8434 8085 9464 1587 8804 6871 6893 7068 8051 2402 2959 1907 4368 9142 3473 6312 2757 7858 9531 7426 8456 2827 2816 3388 1093 805 5415 8789
21 3167 7711 5034 6410 5621 3701 5375 9570 3746 377 5008 3269 6378 5583 1045 2189 3756 3674 4850 9740 8196
22 563 8554 3314 2319 5394 1042 2991 7800 9188 6532 2994 8469 5947 5488 9008 5010 7878 4501 6606 6715 1230 2773
16 9679 8965 7732 1921 5258 3399 3361 1704 7095 9519 5044 7039 8859 4951 6417 2840
25 5860 6794 842 200 9696 7870 5732 7438 9604 1081 6579 7805 3843 8505 9810 9358 9542 9867 9348 7292 1262 4961 2342 619 835
28 8758 3461 1886 1109 3785 8018 6566 8125 3691 4916 880 684 1525 50 5966 8738 7327 3526 9124 3658 9973 2517 460 3151 6991 2516 4042 2169
11 8670 8860 7 6586 1925 9465 7696 8501 7112 5937 2411
34 9888 9820 2714 2957 6327 9944 4869 3879 4643 3958 8597 5579 369 4113 8928 862 9968 3772 8807 2596 7189 1989 4212 6590 8495 6486 6759 8907 2812 1680 6250 1837 9831 6185
11 5086 8227 8598 4670 7349 1153 4769 9507 2223 8002 7166
27 4058 6189 8290 3779 6842 9743 6076 81 777 3308 4654 7842 8749 4902 7397 2772 8944 2965 3132 6516 148 5138 3505 7996 2243 1084 2888
20 7929 5218 902 2642 417 3840 7464 5133 4923 4222 4402 5643 764 7571 6065 5653 1939 6458 906 8350
20 9140 3197 7210 3989 6186 7934 2751 9754 6564 7500 426 4928 7241 3274 58 1195 9123 3064 4649 626
33 117 1414 3758 2566 9633 3066 9634 5422 7203 8151 9962 3258 9911 4561 5041 4747 4682 8475 8143 6743 2142 8221 9201 6928 3301 8702 7978 5022 2843 2492 9488 2130 8898
19 7913 3263 462 3345 5256 8159 1012 724 8760 1720 3300 9331 4322 1167 1548 8496 9529 6899 9520
4 6695 3527 6377 6610
16 3855 6502 9452 4935 4011 6306 4943 9308 9174 4707 7752 667 2905 4697 8008 6060
19 5424 9166 3651 8323 697 7557 8614 2207 2404 7456 8266 1016 5864 9709 9269 3553 116 3060 6090
8 4894 2603 8302 7346 2831 7672 3962 2430
21 920 4873 9128 3329 2657 8915 9654 5779 2856 5433 3784 9731 3247 2648 4689 7806 7453 2974 4134 257 9097
17 9799 6139 8459 7347 379 7125 5114 9664 9076 1172 525 637 9956 5773 7946 1805 3286
23 2559 8149 7471 3601 3462 6718 4048 2330 1235 6505 8335 8325 6531 1572 9155 2522 7157 7437 1581 2321 5055 4077 6152
13 7952 3358 508 4548 2131 5251 2553 3063 2529 2280 4962 2238 6453
25 24 1170 1803 6856 5163 1282 4777 9917 9375 9697 3387 3081 3810 8655 2069 2307 1133 3460 3184 5644 5874 8880 7283 5865 3562
15 3988 477 6752 9320 1200 8835 4673 8093 3420 3058 3026 8306 8201 2886 6260
27 4214 3951 6004 199 2992 3083 2577 645 2171 4532 8988 1875 3595 6859 5175 748 3823 8852 6542 6697 1919 1126 1225 9120 5637 1559 5586
30 6724 9402 661 1804 9830 1729 8042 4806 3565 1281 3949 461 8945 808 1464 6203 6769 1289 7354 6709 1678 9856 450 3019 7530 7079 131 5873 2677 2609
18 7799 2899 1142 9487 9289 607 8785 715 2174 8691 8446 3225 2454 5647 4883 9184 5538 3883
20 9207 9864 2440 6719 3434 6197 10 2710 103 1736 6154 80 1188 2379 9955 6895 2775 4967 455 432
25 3692 2426 7314 9164 6446 1835 2857 9222 3099 4559 5658 2892 2762 4210 4191 5321 2344 5842 2836 4554 3518 5876 8091 1055 8957
28 7435 8274 615 2896 7208 3194 3181 2245 5792 9741 6104 2933 171 1597 9163 9704 94 1388 6431 5784 5454 79 1086 3304 7496 4383 5973 8740
32 6485 3891 4665 2649 1 5187 6771 4021 4063 6331 2043 523 4206 8103 8743 8767 1310 8881 4560 1026 8526 5618 4448 5940 6435 7969 5286 1658 3500 8797 9771 7404
33 7864 3773 9926 9105 4396 2570 169 3477 3435 8737 7679 137 2439 5908 5191 5522 6609 4526 5149 2295 6126 3142 4095 8712 393 7974 562 7559 3046 4399 1341 8453 6479
29 1407 7372 419 119 7236 5712 4953 5853 9209 9836 9438 1197 2374 2151 7368 4266 8811 8779 3474 5019 7973 8241 8045 4178 2616 5165 3094 3456 5578
10 9405 530 8040 4228 2787 4659 2482 6336 5553 2486
16 5615 5214 435 6012 164 3169 5382 7334 249 9571 4660 1743 2996 2308 558 2620
7 2424 6206 1218 2537 1272 7434 4887
31 1637 608 6765 951 2686 6034 9710 8555 2613 4819 7691 6344 7627 1075 7286 545 7521 4674 7797 63 9001 7018 6906 4030 4614 3260 1713 9909 3422 3819 1948
19 658 9503 6029 7172 9002 6538 4786 2979 659 6932 3811 65 4443 3977 4997 1342 6636 3088 7204
13 1784 4194 4502 168 9757 3319 9477 5228 2817 2044 3524 2810 5903
6 6745 3119 8500 2191 9444 2528
16 1512 8410 8653 9712 4990 6380 8486 9073 7122 2088 9243 7722 5342 4641 7742 6127
16 2233 5295 2180 5344 6491 5356 1639 3210 4073 279 2956 2299 174 6099 5485 6111
16 4583 8832 2973 5182 267 266 1215 4099 2505 6737 7316 7987 6921 7009 1592 4941
10 8736 7804 7940 747 2266 2689 4337 9178 3792 3588
22 5808 6951 3739 5674 2260 3465 2693 2621 6231 4279 4549 8068 7419 3178 3023 2083 793 5423 9648 8082 3111 1087
24 4387 5748 9705 98 3414 6584 2771 7856 1475 9031 1643 5610 1747 7757 7798 7939 7735 8169 4754 2047 9279 468 1174 3367
28 7020 5887 1252 5291 7535 2453 7278 9844 9303 3450 4357 4009 1471 6262 6006 4289 8669 2215 8365 5178 3630 2830 4149 6310 3126 9668 5446 9673
13 3311 4717 6066 7285 7543 972 7047 4438 7892 1877 1213 2697 8722
19 7398 8157 9815 6454 4016 6652 4171 3740 1325 5021 4209 2808 4033 5444 2257 1082 4348 5449 7700
10 3826 3512 8088 5157 7831 8607 6084 6073 9317 3346
29 8262 47 6360 7579 161 4958 115 1521 6178 1476 1264 2614 1790 9230 9239 889 1187 1632 9122 4765 9491 3001 8206 1812 5633 8349 9993 7393 8147
31 4781 248 439 95 5719 9190 6563 1422 5123 1568 5462 3550 7650 5072 814 815 3242 9415 8084 1661 4284 5688 4408 4726 2940 9717 5476 5077 8877 3458 8022
22 1773 442 1206 2291 4539 9299 3428 2017 9318 9170 4945 6623 5755 5648 4509 6355 2127 2287 869 7017 6595 1150
21 3640 9144 7867 9450 4297 2077 7840 6313 5951 9132 2095 403 4838 2186 5677 6828 8837 6958 4994 1699 7713
8 8425 3786 7465 4920 4973 3539 2494 1569
11 5491 212 9735 908 4884 5092 134 6556 4198 8969 6960
24 3990 6836 4703 5686 7193 1079 4713 629 7081 9632 9611 8644 6218 9908 7610 1876 304 4982 28 1499 6661 3484 3890 3705
22 4693 9744 1233 7994 6647 8038 6898 4768 8755 600 1763 3996 855 5524 7845 3744 9007 1540 1285 204 298 3284
25 3575 975 5955 7787 1873 9610 5799 9273 8782 8058 7843 3751 4898 974 5166 1229 7050 2823 1397 8707 107 2094 7565 778 7899
8 6884 1399 3536 3522 1636 7374 7714 1343
31 2357 1326 8796 2140 4024 952 9028 7516 7045 5386 7262 1394 4486 9091 3379 9244 4571 6219 2029 2427 3419 6506 6278 9861 3423 6007 1403 4785 7673 1001 7011
18 5875 7876 9557 9118 8037 8652 5844 1752 8148 1612 2042 3699 3763 6478 7012 2085 6948 923
7 7704 1830 5888 5920 4403 1745 2053
35 6740 1908 4602 3398 127 2675 993 3190 1930 7712 8063 9376 4232 6469 3351 8129 2093 6790 5987 5585 1404 8639 8818 6468 4797 3950 8802 8602 6057 8541 2421 1488 3984 6273 3204
9 7512 5566 7554 507 381 2952 4256 8263 1855
14 2123 2425 782 2333 1046 9044 17 6289 2487 6594 3835 2114 1987 6010
16 3208 4080 2132 376 4070 8153 5555 755 3733 3931 625 6266 4545 5331 9906 8377
19 627 2717 3338 6596 5101 9160 4701 5852 2500 8513 9386 4991 5151 2855 5207 5570 8959 4145 8700
6 4959 5507 306 1882 7943 4354
29 9996 3191 8856 4544 3783 1346 9539 7633 8339 9361 4989 9302 5385 1538 9661 9050 2728 1099 5349 2575 8457 9622 4837 8919 5846 8648 7836 3929 9829
27 7553 5777 2167 780 633 1256 7769 2809 8182 3077 894 7904 7016 9009 9957 4524 3902 1124 5128 44 7667 323 3720 5845 9210 2964 3313
14 2838 7255 1755 9341 3102 4130 4278 7613 7844 7725 5854 5029 2090 5063
31 6457 7637 2783 8464 6173 46 7041 886 2842 7907 8506 2086 1532 8610 7552 733 2024 8141 727 9686 3801 2692 7540 2811 6323 8482 5264 5399 7955 8265 7783
13 3138 3542 6357 5503 5837 9101 8984 4871 5105 21 1819 7819 9824
12 8435 8823 3938 9871 7883 6119 6480 2173 1067 3246 1456 1378
18 2006 8285 6392 9951 1529 4824 1740 8399 9966 8716 5820 60 3140 9454 3275 2865 7133 2983
23 2512 5757 9628 1843 3594 6101 8273 1182 1700 6367 2948 8312 7381 5176 2854 5171 9489 5475 6311 7951 421 9146 4846
17 4537 7226 7737 8530 506 8167 5803 7837 7103 9516 5608 8017 3436 3948 2837 6444 4471
17 864 6984 6058 6244 5260 4384 193 6885 6775 5786 2841 9490 6234 1810 6975 2175 6517
7 3196 5285 956 69 476 6509 2544
24 6877 290 4141 2651 6247 3685 9837 5632 3044 6179 7570 2437 7507 2950 8010 7815 7854 594 9642 900 8499 690 8870 4662
24 6735 5156 6809 6272 709 2045 3896 843 9226 7654 3454 5314 9110 6414 9218 4473 8233 6281 2483 1974 9088 1056 630 8994
25 8699 326 35 5662 3970 1864 1660 9881 8798 5556 5872 8400 682 5357 3982 2851 9099 7100 1881 6153 1645 1898 6840 7163 8723
21 8104 8079 5593 7882 4491 2048 9038 6920 8099 2611 9092 4351 2222 7160 9323 4381 1374 8934 9999 8087 4695
12 5572 9512 8191 2673 9186 1322 4983 8468 7991 1865 8226 7467
29 7104 9104 1503 9631 4035 8742 9737 1480 8645 4879 9357 8883 7918 5005 153 8015 985 4845 192 4271 8032 3179 9206 452 5753 9387 7244 5855 7115
2 2736 6995
30 9246 9625 7686 8615 4344 8851 5603 7998 4840 6833 5529 8136 6366 5552 8314 4407 7265 7233 62 1091 858 2369 2188 7850 7705 1599 635 3860 1813 6650
13 4648 5829 7785 1319 1416 2199 9716 7720 1936 269 9061 5547 1300
18 5393 4299 854 1913 9127 6896 2320 6999 1392 582 2923 8299 3841 213 6490 1382 2325 6753
31 9974 2904 8338 8521 4404 849 559 3315 286 215 9324 4340 434 6375 6504 4454 4360 1885 7449 1434 9616 3706 3183 4755 7396 1157 7767 2298 5439 6917 2055
20 7451 4246 5663 3566 4764 1902 9846 4300 189 9624 4274 800 3894 5167 2364 8289 149 2739 7910 5067
16 315 3602 7567 172 3605 8173 9392 821 3499 130 6848 7900 5804 8917 8284 7061
4 8449 9927 5575 6721
18 7082 2235 2635 7602 3116 3468 8324 7693 9388 833 7614 4317 1706 5661 3417 1701 9766 2208
25 5654 4107 6762 8990 6283 3981 5481 7680 7403 8115 1298 8354 1775 5989 3716 3385 9967 4814 1825 1585 5935 2764 8044 994 7649
25 3170 4064 9297 2639 6356 4139 6213 8909 8687 7609 5250 3489 9877 7106 9541 5950 1615 2815 7828 2623 1514 6246 6492 2329 8910
22 3029 7430 3583 8816 4913 8780 5070 5317 1519 3979 4323 634 6362 1858 5506 8180 5750 9010 3349 3838 5977 8331
24 5487 4153 1792 1627 3721 5124 6850 6391 5329 6146 4135 4745 5463 3707 5938 3764 291 6653 4757 5599 3856 7577 8113 9887
17 328 3445 9180 7043 4006 2532 2727 4183 5781 4510 3762 9936 2976 4332 231 8321 3969
33 3104 655 6927 9276 7135 8981 1746 2121 355 3182 2568 8544 7566 6730 2563 4804 8763 2279 7385 1780 743 1032 9285 4612 4676 2347 1659 8267 8589 3780 8488 2032 9770
25 166 6550 3325 4366 7169 2525 5514 2612 3075 7222 4988 8958 9447 8347 875 5512 5109 7851 6100 8409 5617 6964 1751 7228 5723
6 5060 6430 6293 4872 6190 9404
28 1852 3220 2464 6648 444 3657 2388 3211 9240 6165 1668 361 8304 8872 5733 1401 4946 1673 345 3464 1575 7603 6373 6959 9145 6693 4542 6761
24 4352 5679 9366 184 5419 3481 6660 8729 5759 7470 7054 9786 4922 3240 1440 6770 401 3224 5294 8163 9196 3664 8710 976
14 9191 8034 4652 5830 5045 2072 4714 1531 9141 6157 2844 1027 8235 1439
4 5856 7085 7662 2591
11 9087 4050 9349 4449 866 5139 5195 8060 8322 5081 8000
18 1100 5511 7034 4854 7010 5835 5076 3859 2989 4690 4566 112 5780 7264 82 6087 2586 9536
15 8713 2916 6352 5601 3775 990 23 2354 287 2120 8683 1927 6717 845 224
31 5500 9804 4485 2473 2969 7301 5099 463 8620 8960 3115 8212 6982 1275 2340 3912 5411 4805 3195 6174 4097 5680 1238 6315 4215 4122 9895 598 9259 336 8195
30 5698 5917 5263 292 7811 1725 1912 1008 1679 8511 9785 1783 8291 9080 6810 3650 1623 1068 4626 6394 7242 7405 9719 3922 2606 70 925 9918 5676 7795
21 2915 977 1496 6399 2270 294 8244 1590 405 6798 3628 5271 7132 5216 2990 4234 3711 1533 8684 3899 7458
22 4170 2112 8682 2776 6422 1768 7498 7793 8293 9136 5768 1854 5734 9989 4505 4367 9339 861 6354 7997 3559 4416
29 3849 4587 6705 3112 708 4371 7812 352 6103 4282 1104 890 5033 3672 319 1203 3282 223 4620 8709 2102 9253 9437 1732 4691 955 2337 6 1020
11 3424 4558 4686 9872 8298 7933 7761 3895 3584 280 9287
8 7677 4101 4656 7684 6184 5671 4600 9910
31 8277 9524 9042 1487 3393 8956 509 4784 8097 3186 3356 1035 1375 4579 3878 806 3670 3521 2001 7963 2405 9715 221 259 623 7073 9391 7087 5311 398 8874
3 8979 2573 9250
19 4455 2497 7380 1381 6397 1279 429 3551 2853 5460 2824 2521 3010 9241 6364 7215 818 5944 9172
14 2742 7000 2900 8609 1443 9408 6476 6238 9293 1648 6986 51 9048 8622
14 499 6793 2109 3352 7486 8340 486 7170 5960 2847 1952 1472 5798 5659
28 4200 3632 4291 935 8595 4552 8164 485 8288 5302 1799 4125 776 1946 2084 7192 609 1769 9978 7979 9567 1333 7424 7818 7617 8424 2786 8497
25 7428 2967 3680 5913 2556 6163 4787 9859 6114 613 2749 801 8041 1083 3581 2022 7584 1158 1600 1214 2806 4778 1290 1677 4241
4 7585 2031 4007 5982
5 892 6645 5650 8938 6544
22 1251 3875 5516 761 3636 9475 1553 9928 5405 8659 8926 9420 2438 683 515 7599 1011 2283 1092 6577 2262 766
8 5710 6474 1201 4615 5838 1143 3323 9693
14 2523 2741 6222 1644 9288 9229 928 433 2793 8525 4816 4715 2475 1998
14 6068 665 3921 5783 7246 9068 2362 611 8214 7903 4301 3809 8156 2463
27 8447 4666 9100 1738 8665 6882 7271 7659 7077 8646 2526 77 6204 8549 2204 6309 4131 7225 4116 705 937 4760 3671 9792 3987 5362 3619
34 1530 656 1106 7232 1453 4617 6098 5451 8416 7305 9300 3443 8383 2829 8916 6772 736 4442 8567 7608 1853 4240 3365 5215 2672 5926 5177 4269 9650 1336 7289 4446 2770 4120
16 1778 1539 2582 7291 9040 8364 3995 4956 7801 9590 9931 307 4277 6872 5696 2100
21 6239 4405 6639 5374 8809 9687 4496 2400 6708 5002 6655 3161 631 9791 8790 1014 5760 2540 5398 7976 1038
18 513 9681 5690 2652 3930 1297 9482 2541 8753 2391 4780 3956 4993 7219 8658 1758 1137 2530
20 2711 7690 4520 412 7545 8003 8117 2891 1990 9295 574 2165 5623 4180 7702 8519 431 1887 2441 8069
30 3430 6764 9037 7777 2394 691 9655 847 7503 2680 4204 2636 8545 7072 198 8126 9108 4669 5594 9525 7053 8124 2643 5148 2157 9714 1185 263 2659 1646
12 7224 9949 7092 7558 2290 7931 9812 1922 7031 8508 3903 7739
27 6159 6220 7884 6966 9761 3622 4828 52 9441 7872 2137 2154 5904 9470 6846 7982 7299 2232 2666 9034 3634 1611 8441 4968 9389 2819 4445
13 2230 8348 9199 4699 3133 8296 3621 6437 4832 4046 1395 1626 2038
19 4467 6297 8415 4004 9181 7932 6145 4462 2733 5740 4978 3728 3787 8735 2200 7938 2221 3698 8301
25 9274 1777 6886 1181 9070 3418 3062 6674 2037 3661 6862 3796 6436 5722 914 7897 8886 9398 2795 2148 6534 5936 828 8641 7201
15 8892 4088 6537 1509 7315 5995 9639 3466 6452 4533 37 6332 5969 4700 8311
17 873 5910 6339 3412 735 3467 9261 1656 3815 3273 411 3109 6035 7391 2814 3848 3858
28 8548 5602 2352 6398 1647 9179 7808 3901 8407 3271 6064 4634 8268 366 5986 5039 9079 2263 7447 2820 1385 9891 2136 1085 9277 4779 392 7001
29 6455 9657 2799 8236 8937 4880 5279 9478 1561 4651 7529 4912 4970 7583 5589 8875 226 3563 1549 7841 8230 6285 9499 4185 2286 5592 9635 4799 6870
32 9666 1550 3554 5012 9130 4017 7762 6746 4045 865 7624 6619 2218 6866 3406 7708 4694 8833 8524 731 195 9688 8846 6432 9413 3303 4041 410 5705 9764 759 247
22 874 2036 8219 9832 7162 7344 8667 5567 6571 6684 4106 6974 5763 6847 9594 6320 7970 5333 6499 4339 5953 3569
8 1421 3760 3503 9390 5058 1350 7335 3380
25 3865 9135 300 1352 711 4638 3851 2234 4564 6253 1981 5640 4809 877 7099 556 8004 6325 9713 605 1849 3687 9461 3172 3302
14 7768 640 7284 8344 4572 7838 5836 9596 6317 4680 5831 1204 5225 8185
17 4112 5620 2934 6575 3232 6672 388 8721 8470 991 9767 7781 8725 3212 449 7015 4795
25 8203 318 313 4555 74 7873 516 8494 1774 680 9337 5097 1622 4831 7408 1107 3548 9984 8389 9371 702 7586 5931 4374 9573
8 4233 950 9109 4792 3648 1376 1744 3032
25 7792 596 1797 4065 4163 779 9724 6728 2506 2978 7750 1741 9933 2139 2995 7336 4972 6668 1829 5198 3080 4364 5666 1191 6613
23 4575 6922 4957 1634 5088 4744 6751 1199 5373 4032 3256 3342 4082 8885 7338 3517 593 2564 4079 1327 6302 3069 1962
13 8370 6526 5036 9381 9346 8986 2555 7485 2704 1619 6477 5790 3825
10 965 9954 3235 6390 5150 790 8352 4311 8654 9916
24 9556 5539 6512 8761 7275 2264 6839 5073 4062 6888 9884 3031 8822 2756 7893 2708 1616 1953 4155 2195 8276 712 5296 3749
15 3291 4853 4950 3955 7155 7185 1351 9047 9986 5839 2998 1823 3128 4909 3386
23 4255 3717 4607 3205 6832 1117 4937 8160 1834 3222 6604 9748 8317 8975 6371 6525 6448 5634 3945 2152 4751 9970 2273
17 5369 2518 8035 3940 6744 5384 3153 3726 1798 4576 4434 6046 4054 5322 685 8582 8054
20 2626 7312 4376 982 233 2769 1502 1727 703 9730 8871 3344 1895 9098 7688 6614 6441 4987 9796 7441
30 4196 8791 6985 5642 5584 9889 5238 4195 230 6106 8918 6857 8903 6137 9863 5032 2873 7753 7992 2493 2334 4908 2628 1156 3652 1698 5407 7300 7059 9532
25 1363 4318 5366 2128 4347 2011 9694 3285 9143 6692 5925 1965 2274 7247 9096 7786 781 132 6592 6673 2637 488 108 7138 1015
16 8574 7492 2551 5351 595 5298 7075 1836 6568 3876 1366 9067 8908 3012 6750 3478
12 7406 3036 2059 1565 3839 2412 454 8411 7057 6242 1128 8374
32 8328 4658 6523 7636 7216 3952 7187 1198 2601 7967 9205 3625 243 8954 632 6347 5826 534 6992 1567 1076 4684 5266 1044 2080 8522 3113 6624 3665 971 5857 2408
14 1121 5957 7209 7276 3530 9082 9272 1061 6687 9467 8626 6212 9865 1377
4 4624 4720 5091 3158
28 3334 380 1733 9678 897 7080 2835 9758 5023 3241 5249 5577 9510 732 9946 1671 3897 6014 4187 6017 9521 4061 7833 1552 5130 1801 6603 5174
24 5954 2578 9900 9394 8373 7149 2341 8935 2943 2190 7063 8361 5383 2699 2872 654 2962 7074 1149 8251 6616 9676 9860 3264
28 245 3795 448 1222 8955 3082 7816 4834 6930 6727 2141 4821 6235 3145 1670 7728 9352 1574 6351 6330 7954 5051 7964 7888 5159 1976 1003 9677
25 206 846 4605 8101 578 7078 2373 6059 9157 809 6816 9774 5320 8050 6229 2496 3649 3162 2725 750 2182 7524 7356 5111 2203
21 6669 2732 5713 5962 6094 3986 5094 5801 7820 1450 5778 3682 6720 940 6792 2103 8879 3265 5046 9354 7111
9 481 3426 2160 8303 5257 7038 4013 3857 9374
29 2681 1386 5678 1997 7916 9263 9133 7971 7857 8551 2179 2040 9378 9643 8748 8750 4597 5482 6860 7734 9221 785 3662 5489 6049 3941 7395 1951 4005
11 3368 6141 5241 930 3609 3230 4468 3633 6943 6365 1642
25 209 6703 3502 9842 1436 9652 8316 5306 4472 232 863 5292 4423 803 6187 4817 2269 6520 927 8943 7290 5718 2610 795 5606
15 9469 6128 6814 704 7134 1062 1779 121 1709 9784 6116 7402 3404 3244 7581
25 6200 7387 1455 7984 6379 1368 7755 3070 395 11 6774 9384 8127 836 5518 5190 5438 1089 8894 6701 4598 3327 5978 2922 2134
31 1524 5628 1494 9948 8585 524 1396 1979 4903 9783 7564 414 6047 8844 7520 7371 7199 7022 5916 123 1760 4702 9745 4859 4731 4315 8463 4305 2227 4725 8171
22 9255 3493 646 9035 7663 6902 7770 5684 4625 5992 9533 8516 1839 6072 4151 5346 8046 9540 418 8275 5474 1009
26 2401 3366 8110 8694 7048 1330 2054 7167 3992 8692 3139 7718 6733 283 6777 1696 7848 4461 2858 8202 6335 3713 4192 5616 1147 6518
6 5983 5098 4729 5791 8122 6467
15 3092 5627 4749 1311 7150 6319 6495 4430 3154 3000 2097 2655 4239 5840 1545
29 8573 6316 8575 9419 1994 8259 9897 6333 938 490 495 4460 3980 7326 2871 2688 9855 7852 4609 227 3243 3486 3884 5685 911 662 9129 8083 7731
24 6208 8272 2885 9106 9789 4085 2063 581 5217 5607 5448 344 7517 5199 2381 3037 2503 68 6411 4226 2251 7813 3185 5551
18 2455 2731 2178 2527 9566 3798 9992 2972 1638 3963 4096 6488 2345 173 7743 4165 3401 9914
27 3396 9242 4503 3624 3173 7296 3339 1468 8593 4947 8427 7107 8280 3777 9029 1691 5961 3048 8836 3954 7008 9850 8386 1958 4296 2890 1705
30 8786 6413 832 6615 5170 178 4328 1710 1417 7920 5247 2938 947 7195 4168 6675 331 3506 3237 5993 573 5822 1080 9660 7310 5811 1614 5587 8980 7906
14 8462 3842 3936 9798 8132 5897 7606 8685 5613 8123 7311 9334 557 6494
23 1869 9457 8353 374 8827 9089 6134 6808 3877 8576 8476 6025 5687 9245 5078 139 1426 1594 4901 3040 8211 8865 1131
15 7379 7113 5211 9460 9442 1818 25 2481 3864 5812 9922 4886 3656 343 7986
18 3354 415 2667 1846 8869 408 3767 262 8829 9943 8971 5459 2671 7509 5726 8861 3180 437
9 3947 4629 2288 9350 7350 9307 7257 6559 4592
4 9012 2250 9738 7110
19 4109 7442 1175 1223 92 7263 4798 3270 7066 138 1787 8788 3523 913 7332 5895 7758 9990 5631
15 8902 6305 8445 5660 1985 4588 9674 1517 5203 1894 7303 8838 5011 6533 8847
14 2118 8194 2802 2884 546 2906 7592 2557 6463 3771 3688 6080 5682 9417
12 1564 9819 552 7745 7479 7562 1589 2393 959 8253 446 8775
24 3068 3054 9537 8118 5043 9964 4433 4802 5340 2861 7392 2447 9422 3171 4389 5772 6781 45 5345 9468 2046 948 7146 9329
23 5771 895 6261 9972 91 177 4327 9641 883 350 8014 97 9055 7003 8248 6050 5030 628 6368 3715 9058 962 1479
11 9845 7847 7425 3429 4584 586 1861 9231 8992 589 5979
26 4630 3666 1557 6026 8671 2745 8245 4074 774 9193 7619 385 5061 4919 201 4954 9904 3096 8392 6427 9750 8636 5896 3480 1510 4040
18 3510 1508 4481 5809 8239 8510 5919 8732 205 1036 7302 5037 1173 9271 289 2007 6016 5571
17 2198 2470 8379 6013 5116 8237 235 3574 527 256 5389 612 7417 4547 363 6947 7773
23 2074 1169 4356 9963 3085 4221 2397 4235 4335 5309 9212 8841 347 4719 9448 5325 2378 8295 6941 7175 5797 1718 8947
29 9559 9620 5495 1369 2377 2790 8533 3782 2909 4394 936 1217 6612 7101 4152 4265 8013 4382 4917 848 603 8764 5118 7105 6621 4363 9494 6348 9638
11 4421 1232 896 3290 6784 8968 8478 140 1398 5683 8430
14 5540 3038 1355 5766 1250 1583 5014 584 852 5635 5350 7622 5573 2554
14 1208 819 7328 1360 4732 416 6555 8174 2013 2211 2656 316 8308 7460
11 1177 907 2640 6484 2184 8820 1283 1073 8076 5975 9921
25 2495 4372 2585 9564 8300 7697 7361 544 4642 4343 2104 9593 3997 7351 2051 2256 4681 420 5483 6171 3844 5745 1772 3898 3288
33 1955 152 4782 241 422 7629 7569 2164 7145 6389 9333 9234 3757 6940 7006 4440 5026 6175 356 4565 9032 2197 919 2096 2372 1507 6193 7044 9599 8106 3994 3335 1247
9 5554 6903 7912 5701 7282 9817 2977 3216 1555
8 2782 66 2930 9645 4965 6905 6515 8330
26 3821 5656 529 6009 1942 3946 163 3750 2052 1905 8359 4985 8828 8465 3998 6990 9343 3217 1577 49 642 4172 5889 7002 770 4292
15 150 2323 1762 9684 9195 2924 1294 7915 1891 7164 678 6591 6226 1293 1579
26 2539 2825 9466 1523 9458 5879 1096 6680 5364 4710 6552 8689 4251 8778 520 7142 5997 5469 1337 9568 6177 1824 7744 8612 2618 7093
18 7631 6580 7746 105 6161 1393 3561 5527 592 8599 3198 995 9501 9808 5202 6158 6994 2276
20 9543 7211 531 2852 7643 5619 6562 5155 3534 4159 6707 3152 5785 9275 4464 9727 6640 1049 8358 1284
14 128 1667 2981 2115 5630 3753 7506 4640 6045 3369 9669 3378 9294 2818
23 9636 4709 7037 3278 5083 8025 8074 6543 1457 6561 8592 5588 6022 5549 1878 1663 2138 6702 3712 6507 5720 3514 9176
17 9078 2754 8176 7988 2122 8857 8963 6167 4632 7582 1463 9086 6224 687 2863 9959 9530
29 6450 1365 1441 4119 3155 542 7422 7532 7143 6363 6290 3893 1690 9183 5186 6276 2030 309 1708 6651 407 3695 944 7980 1074 1437 792 3723 4018
15 5307 39 2534 8186 4685 6038 5548 6600 9509 5669 8080 5361 9776 4531 5275
26 5425 8854 2105 9647 1110 7730 7764 2846 5219 2665 8826 7949 4121 1551 3374 1933 9588 162 7526 2249 5432 5456 6626 7784 5334 4955
33 8198 4585 753 3802 2753 6587 2035 4664 9074 8109 8134 3295 2874 8904 5730 2396 333 3359 6471 2303 3485 2545 3600 5246 4721 8483 2878 349 7154 9782 9309 6093 4490
26 3541 2409 9617 1676 5452 5708 8550 9800 9351 8603 78 3613 6429 5233 5558 2801 5365 5461 4577 7869 3350 9747 8166 3690 9915 7459
26 8309 6601 7548 2434 6805 2543 2875 5372 3799 5534 8661 7194 514 8049 3448 3074 1707 4148 229 8825 9690 8168 8920 2880 6573 6405
13 1267 2119 2386 1098 3694 8819 6406 3392 7273 4974 2099 5272 2848
15 9385 657 8220 5074 1389 9077 4219 5929 2535 5981 7879 1566 5168 964 9515
29 9030 8421 7901 2661 1862 3531 2240 8830 2850 7604 689 4044 1317 5943 2700 7925 9825 7721 5412 362 2488 2331 5435 3035 197 6981 3734 9608 7825
24 409 9410 2653 2108 254 5941 7749 9022 2153 6785 5565 3919 1469 3935 4102 340 7076 1249 4599 4580 5348 4741 3741 5731
9 364 6622 1354 3310 4927 4393 9290 4683 2926
11 1054 5069 9981 3778 3735 7817 15 7796 9592 958 1000
17 332 881 8542 8953 8193 1255 3645 4330 9734 3150 4043 9547 7591 9587 8810 6230 4325
19 2690 1845 7477 6196 9075 1595 1051 6120 6696 8705 6861 4457 6130 1140 5127 8939 9517 1207 7123
26 8207 853 772 5428 9496 4031 4211 8901 2882 3213 6205 7853 5729 7418 1291 4370 9053 5509 8762 5912 3415 3745 1380 6258 2821 4140
26 6202 3663 6498 6956 2076 6237 9612 6374 365 3731 2740 3968 9718 4964 7914 8052 6773 1749 6249 1793 4174 6635 4753 3863 5253 2794
5 5025 7922 4202 660 1880
21 4815 8367 8094 674 6589 2406 9298 3606 4055 7389 4312 7237 547 3234 5000 3908 8914 681 2282 7771 1190
28 4867 4245 921 4441 5221 9659 5353 3925 3293 1277 4621 1446 1906 7908 2027 6388 4313 9756 9063 8515 5735 2170 5162 8012 2253 1573 579 7058
17 482 8876 3098 9062 2898 1292 4594 384 4144 2443 6314 6976 3283 4783 4530 3028 8490
31 8784 378 4862 3793 5702 4227 1299 7894 7508 8562 9983 4248 5122 3141 122 9902 1926 2834 6086 1165 4936 8394 7694 7983 2219 5431 729 6300 8332 9937 2755
12 6879 9479 8172 5110 664 6766 1356 4189 1731 7590 8527 3279
12 2780 9497 3759 649 9228 2760 624 2546 6897 2229 4100 3491
19 4836 4924 6821 9407 1767 1034 4881 3438 4925 4361 9885 4861 6867 7473 2490 6731 7126 749 6322
22 5535 1904 7682 3532 4270 7715 9623 4019 2477 6462 4543 4359 9548 577 500 7855 2894 3911 8315 1950 7826 218
23 4507 6251 2292 8987 9379 8540 126 1914 929 3805 2155 9662 604 6796 2779 5776 7416 1892 3727 3934 5273 8594 5665
