25 466 8098 6372 7628 4188 3255 8355 1128 7528 5965 1064 4635 6953 6519 4660 5346 1237 8120 5031 1276 2230 5627 6474 1411 7741
21 4032 5383 8216 4669 1098 1982 4985 455 3945 8317 2518 2272 2228 8815 1913 437 4490 7065 3173 123 699
26 9307 1675 9441 1792 3629 6720 3292 5135 7450 9403 1601 4270 1634 4222 6926 3344 9971 6725 1701 8271 7288 5402 5307 7271 4814 5541
28 516 712 9014 7382 3606 6786 7950 7736 4100 7381 551 758 6161 303 4001 6373 1149 4700 2394 4366 357 5070 5046 2001 2714 4720 5579 5253
26 5956 1356 6956 2007 2505 5848 2814 5573 4244 2408 2597 52 2951 2057 4471 385 9276 1793 5490 7060 7117 6423 5617 6933 6796 4614
28 2634 5143 765 8892 1794 2798 2123 9235 8757 4839 4621 1396 8612 8484 8459 7532 7118 2483 5889 3121 6232 2562 8940 5693 6716 8032 624 1372
30 2953 2765 3488 4427 2621 7672 7333 8589 7538 6810 4250 750 1204 2257 1224 5813 7387 3806 1523 8246 5915 7454 4615 4236 8649 9552 9070 183 3561 6561
22 3171 3749 4475 5500 2323 2691 4069 1833 4170 1680 948 3234 1504 8411 5150 8566 2443 6164 9374 2041 9189 7386
29 3578 2101 1051 9716 7432 6177 2609 9275 3045 4275 6844 6356 4093 1688 6665 7840 3914 6591 8849 8779 3214 5920 3180 3038 1094 4887 3501 2082 967
25 987 8028 8050 9798 4543 8463 9519 6646 4991 524 5155 502 7805 736 872 7148 1958 5398 7235 6419 2296 8821 1375 616 8162
29 6215 1409 2531 7160 8486 1760 9656 7379 7090 5793 5646 1338 5341 3254 7467 7234 5164 5820 2430 6009 3269 1415 9229 576 116 5785 332 3804 1696
24 9389 7718 5375 5919 428 539 5840 1293 3363 6976 5683 6395 3744 6144 8500 2925 5961 9299 6987 2825 3087 5881 4193 9009
25 6071 9597 9547 35 5096 5704 4455 4166 6913 7732 1238 6529 8501 7898 8558 7325 2486 4177 2396 6724 719 4358 1134 1282 3236
30 7780 8778 4402 306 565 5908 6751 423 1281 1049 4542 2069 2424 9727 5186 8141 1305 6687 3299 6084 8869 7034 4272 1835 1869 133 9923 1842 1401 797
31 1126 3962 5325 8315 2517 9722 4511 8439 4928 4675 8975 6066 3750 217 396 3177 7996 5641 1093 3464 676 4296 7183 8114 1860 9767 5778 2152 8985 9306 4442
32 4243 2167 5957 7249 5269 6604 7302 9270 9191 7887 3523 6505 4057 2968 847 604 3275 9560 3499 698 2643 3481 1269 334 1039 8349 4294 489 4370 9171 1719 2273
31 1724 9351 4338 6631 8761 7587 363 3131 8801 1969 9227 739 1539 5300 3708 1517 5637 9140 4 9911 5570 8847 8473 1109 2784 7073 4175 4986 6049 2709 7835
36 8489 1081 8517 2158 3730 2738 7411 810 337 3489 7087 4486 521 7098 871 5792 5611 8455 9172 8713 9618 7742 7445 9284 6376 6777 5268 8944 2422 9826 523 5528 9006 4163 1895 5389
30 5964 8593 8092 2143 8481 5200 4937 6831 2851 3079 8403 5761 5189 6360 3585 2283 707 7461 8399 9021 91 4496 8154 3150 9626 5860 2656 3554 6560 313
25 283 4419 8865 13 5148 6270 8156 8332 2883 1479 3910 8921 3740 1543 9194 7764 9295 6443 166 7902 3054 6804 4204 7696 3987
27 8982 1726 912 4731 2724 6058 9250 4673 968 4859 7979 8750 2744 8347 9082 6990 4568 2629 6557 7960 5014 3152 6382 2812 8857 1542 7936
30 5629 7562 1693 6660 1950 23 1657 1590 4179 4611 9933 2867 7838 5901 7053 4217 761 1599 9697 4081 5750 4879 9158 4094 4902 6124 9010 3542 3918 7134
25 224 1669 4831 2077 8961 5862 9218 1851 7891 7807 1298 1799 2029 4159 488 597 6088 2929 4836 4946 7260 9091 8048 5684 184
27 167 6919 9566 6722 8968 6501 7576 9381 8777 2831 4785 9324 2093 1780 7154 1652 8715 3322 6949 7289 1032 6275 6179 5706 6417 2229 87
24 6284 2341 2086 7608 1808 2480 9548 3670 7984 3395 411 5310 5385 1359 452 7211 9580 9631 3002 8313 9559 9278 7626 7778
30 9177 9489 669 4022 2442 2426 1353 5448 623 4722 2747 4332 3124 8692 1069 2164 7519 8378 6318 1117 6001 2451 7470 6316 5779 4853 1236 1288 8967 6746
26 1366 3985 4302 7388 7682 2260 5554 6581 5855 8539 4797 7412 4388 4762 8060 1578 4371 2841 2674 8505 1439 4422 2073 7330 7598 8672
32 6595 5739 4324 5404 1900 1720 3218 3463 8504 7492 4305 9831 7375 7049 6251 1909 7038 3020 1464 9119 8151 3147 8256 1632 7970 7878 1455 9671 7002 7944 6737 9811
30 2135 9095 8752 2576 9483 427 2055 1306 5751 8066 594 5794 6547 1545 3751 7014 9541 6994 6034 3969 4816 7188 5584 367 25 9598 1666 1655 5068 2134
25 1073 9669 7685 4726 9036 4793 1201 1729 2986 7763 6128 7659 2067 9879 2216 8113 3893 6821 9445 1198 5590 6999 6004 7362 8232
28 7163 6848 5480 7276 6321 4914 9245 1704 580 1700 7385 7605 8534 172 881 6259 8193 1971 8417 6310 1986 9693 2438 5667 1951 5115 6705 1059
27 281 5762 3388 1707 1067 5902 4301 68 1447 5102 8322 683 2900 5708 7416 9019 1855 7602 154 7709 4728 5431 4059 7758 747 7834 5564
27 7694 5051 6852 8907 9604 3209 7752 9622 8732 540 9694 2428 4283 7822 1877 7880 1453 2413 8090 785 1092 2474 7918 305 3097 7069 2044
27 813 6733 4276 1212 7648 3077 510 8908 4470 7482 727 9290 7876 5672 8903 4677 2316 2098 2626 7820 1127 1591 4073 1080 1702 1823 2241
26 6224 8175 566 9383 2858 5162 1169 7646 1291 1368 8721 8524 629 5568 2349 4686 6248 2672 9358 873 9659 6213 3492 6166 9678 1600
31 1215 4730 2031 2429 8159 592 8157 7868 71 6229 1708 5540 122 3381 4672 9564 3376 9390 6871 6904 6573 5099 3190 8553 322 3220 3944 312 9611 1442 5052
26 9025 2372 3169 1026 7294 6542 9623 3823 3356 1585 381 4083 4666 3796 4539 6324 7240 4837 2491 1880 1943 6261 7540 7373 5552 6608
30 3358 720 3816 139 1830 3189 9135 3583 3898 5800 4555 4195 8577 8169 3841 3881 1902 7669 3642 8864 9938 3940 9127 6882 2239 1421 6074 7097 1103 6182
31 7190 2771 7361 8678 6756 9877 2211 3724 4063 193 525 7279 4547 3527 7799 4709 3178 6741 5235 2046 880 4580 8594 1922 8372 9424 1660 7239 9209 742 1899
31 9488 3937 4867 4092 9261 5202 505 6728 9861 2850 3843 1567 1485 99 2755 1821 7070 9730 5342 6902 6036 5237 2302 3869 1468 1245 714 7802 8278 1790 2673
27 6055 4346 1255 5020 1544 1938 2809 3095 7107 8299 5795 3655 6884 608 9954 5821 9532 8614 7767 5621 2330 7114 571 4642 280 6989 5250
22 2742 3063 3352 5084 9962 6983 2502 7041 5496 4356 1240 2927 6342 3146 5558 5117 76 906 3341 484 3814 4210
32 6771 6262 2529 1247 2203 4904 3813 904 327 8148 2647 5783 1020 9633 9317 665 1761 3486 8510 9350 9425 8708 4514 3698 8005 9279 3514 6432 7794 9527 3873 7923
26 105 1047 2948 8111 6526 3821 6097 2391 7130 8006 798 6571 4180 1473 8951 3771 8222 3082 4280 4924 9818 6110 3653 4775 8947 9249
35 6190 2012 877 5396 9031 8133 5192 6497 5284 6986 8520 7265 5351 5427 5934 7798 5261 5276 5625 9197 7857 282 1227 5992 518 7786 9089 1371 6307 4040 2578 5395 5522 8316 336
27 2893 2496 3434 3424 4242 6131 3072 3228 8866 6081 8936 3968 6744 6024 8606 2344 415 1848 4328 5561 479 2922 1475 111 1116 1641 7101
30 39 2002 77 7896 2161 7443 6745 366 7938 730 1400 5951 3735 1892 1783 5790 5433 8829 1685 5223 4433 2346 9858 1820 1379 8541 1320 1828 4201 1249
31 921 9196 2725 2469 6839 2201 9471 5201 7491 4196 5241 209 3600 8118 7181 6006 3697 3212 6765 3092 8010 7983 1100 236 6317 5355 4396 2186 2214 9044 3789
30 8680 1146 2076 8341 2885 577 2530 7530 8444 3247 7811 3513 8873 6584 3411 991 554 1334 6758 1985 633 4340 8807 5270 2090 8496 176 4931 2821 4138
32 9658 384 6569 4130 7045 3119 5887 8920 7202 3058 8054 4825 4481 6470 2884 3468 5403 7374 7663 5323 7397 8599 5803 9257 144 4492 2314 2977 3901 1987 1483 7653
24 5028 4822 5178 4699 8528 4348 1903 6934 2371 4153 78 2921 1430 1883 5905 178 1967 7327 1674 5880 6585 3892 5249 3167
26 567 5360 5479 8104 2679 8800 8507 2513 5017 383 9599 3609 9859 9989 1460 8906 4596 7697 6681 9402 8254 8552 8739 5094 5368 5580
31 4064 7670 9615 5313 6684 5123 5665 9198 7652 6827 3221 5078 4397 5717 5232 5339 9325 6714 1031 3366 1678 6656 8305 4149 3014 4319 2650 8074 934 7825 5745
27 6492 218 849 5324 7993 599 7175 4989 2425 8511 20 7231 4495 4381 5138 5274 4084 1231 2882 1773 6906 7943 2775 4519 9761 4136 256
26 1743 5538 5977 1918 5029 5330 8997 2471 685 1437 2989 3229 963 9292 2421 828 8766 5079 8134 9672 8221 9579 3452 9823 3890 9691
31 6002 6142 6495 6285 2571 3325 9960 6116 8738 7093 3144 3717 9978 3880 9101 2587 7048 6607 5747 8426 2052 5738 1350 2533 9883 8887 3245 3172 494 9787 6068
29 6727 4533 7278 9298 4347 7151 8820 6350 6489 6886 690 1806 850 9215 8519 9934 4141 3301 400 4237 2103 6649 6851 4435 5688 8972 3397 9595 7321
26 5304 2982 2896 6371 3515 7431 257 9313 371 1956 4665 7910 2981 943 7 8186 7505 5449 1522 4725 8883 4625 5264 816 979 4734
32 6280 8108 2813 2599 8160 1307 4540 8636 6075 4856 401 4536 485 2236 2958 5421 4521 9718 5128 9941 2288 7585 6 973 6984 5142 8832 409 5024 895 5225 2010
30 9545 4573 6709 5 8709 4113 5679 2380 889 9668 8569 583 3726 263 2880 3396 2050 6031 6091 4582 7206 5296 988 1754 5263 1264 8325 716 823 9573
30 7109 4706 1310 5008 3840 9500 8590 9822 1226 9110 8912 4245 6375 4491 8646 3853 598 2696 8621 5605 6268 8348 4231 6691 6421 4406 4967 837 9294 8137
32 8976 9017 4458 2305 9698 7992 1465 2366 8813 922 628 4436 8531 4003 61 8527 4114 9092 5498 749 6718 4909 4891 6965 8017 3633 7916 3921 412 1840 1565 6404
27 8101 5776 29 679 355 8526 9156 9706 4757 7128 5983 6643 833 3826 3497 3887 3810 6855 3126 7312 7848 2318 6775 2595 2452 1931 8872
31 1939 7169 6358 1209 8140 6484 8241 3432 8676 5653 4938 3342 67 2022 1676 795 8058 3467 9332 94 4329 2311 5912 1862 3231 3738 7744 4005 8214 8624 1119
30 8983 584 1104 3206 574 1133 4264 6622 8536 2960 4027 2915 4417 8167 3557 8808 4744 6329 9777 2758 9888 2976 7862 5246 5414 3899 230 2823 149 4104
26 9184 4134 962 9153 2970 4784 3925 3903 3610 8036 4566 6619 7695 44 7592 5575 1901 6969 1058 2267 403 2835 6820 9353 9136 6761
27 2574 9439 2499 4901 6910 6697 1277 784 4031 2655 4115 6279 7275 9687 8429 7466 5425 5768 6773 9905 4440 9739 2432 3882 318 2195 3586
32 5173 6563 1478 4016 9498 9155 140 9429 404 4702 8056 8445 6239 4631 8617 117 4843 7546 7345 6929 3466 8754 1617 3256 3184 8047 6579 7978 6634 6260 6538 7683
30 477 9072 9832 1960 2710 6753 5698 2317 2653 1380 4376 9902 1607 3599 3511 9576 4035 4763 4155 8469 5228 3888 3447 9201 6359 6455 9075 9833 3595 5836
32 853 1983 2555 2636 4360 9557 5098 8401 2898 4910 1538 2956 1211 7303 6216 7399 3608 285 6798 5823 5636 6589 9699 8705 6005 8945 5664 2664 2242 9490 1520 69
32 4613 3743 4172 5118 5440 1560 4667 6380 8499 4432 2005 2819 5872 5807 8053 3923 1626 6155 6504 3398 1814 8814 5744 8385 3865 1159 7965 6864 6064 5405 9746 7998
27 6428 5305 2184 4407 9993 326 7415 4124 1154 2141 3799 3360 4255 9052 2281 6898 9565 4579 220 9792 2720 5990 2097 6719 4412 4156 6899
27 3032 3883 5428 5038 1023 6957 2565 3296 3293 483 2702 5830 8369 2803 1498 9059 8239 8206 8554 6343 976 151 9226 1524 3646 9343 6439
27 4780 8030 4503 6257 2886 2384 8549 5083 185 5900 6667 4749 5694 2553 468 5974 9807 6336 3328 241 6479 7290 936 2996 755 7575 9862
30 6598 1108 293 5874 9338 6363 7140 425 3355 744 6536 7213 639 5354 1667 7099 6236 9495 2532 3547 6675 3977 4733 7422 8247 2932 869 1265 5556 3320
33 5760 2235 1682 9011 5049 5063 4249 3428 4198 1043 7864 9776 7405 3829 5256 2375 6389 3109 6327 9710 4187 3672 9916 5963 6026 7401 5167 8023 6703 2686 6322 8574 8004
27 9696 160 9083 6847 6401 6160 3023 9670 1343 5616 6971 2847 135 8215 6998 1496 6302 4982 1540 5614 9754 6459 1531 2466 6397 6759 7008
31 6509 495 7143 6936 4484 8264 7436 5204 486 3278 9702 8959 8117 8823 2804 7110 8198 6078 5814 5975 6410 7686 7247 9461 5725 7990 3959 7650 3423 7426 5567
25 8273 5196 9891 1427 5476 2631 4286 5909 5533 8472 2726 378 6707 2263 883 6617 4158 7947 4441 2746 3949 1477 662 9878 8409
27 9233 1138 9974 8603 4207 7737 8107 4917 6383 2117 593 2707 3265 6862 4008 3589 4265 7687 6204 9168 9542 2605 8284 6080 1416 3973 4897
29 5477 3114 113 7428 102 237 128 1516 6237 1930 7363 4438 9433 227 896 5993 1190 3559 9107 8448 6860 3563 7535 2937 8895 7854 6174 5660 2895
31 3237 4570 5502 5116 1778 9977 225 3645 3540 6292 7781 2748 4796 179 7089 5506 2544 3151 7502 134 8635 3996 6685 4651 5361 7068 4655 2447 6726 3877 3091
28 851 1528 9743 3065 7224 1555 6767 8013 4689 2277 4284 9449 1266 95 9936 7907 5108 1414 1373 7734 1541 4384 2049 2762 4308 4647 8497 7568
30 9766 7666 5376 433 5583 5112 2209 3815 8546 284 8353 9240 5899 6679 1525 5147 8233 3162 9675 1072 6234 2628 3316 821 907 3763 3986 5248 5260 3122
29 7776 7911 3605 7572 2979 1896 1164 2362 6808 688 3433 3421 7173 5731 118 1865 7812 107 315 5036 8072 5928 2864 7184 7315 5205 859 7518 5925
27 347 6865 9556 4109 8238 6689 7827 206 7988 2632 8307 9004 6245 4292 3475 8806 7789 9600 3652 2616 6605 7889 219 3818 7627 2906 6416
25 772 8285 2897 3568 1025 8828 5649 4483 2507 5701 1586 4251 5285 6552 7964 2705 2733 8653 8666 5130 74 1364 874 8953 4703
32 1809 2654 9016 4277 3999 3908 79 8926 3120 9537 5740 3773 9774 8671 8333 9661 1188 7665 7529 7398 5630 9238 9455 2303 2830 9667 1001 7198 9244 3862 5931 7040
33 5705 8183 4835 9271 5255 376 5197 7365 8217 5770 9104 619 3545 1360 3037 9000 8224 4988 7579 3340 5209 8172 3543 5181 9315 3270 3071 835 4790 2853 7245 4765 1095
29 3508 9038 3107 6137 4028 7111 3331 2381 8826 5806 3145 7449 9528 9438 8767 9193 1397 978 7768 4624 445 7692 9049 3785 6644 3778 6271 2639 1233
29 4776 9871 6586 4325 2192 4588 667 2797 2181 914 8619 4144 6873 7698 2047 6132 9013 1654 5687 1000 825 7844 6779 9641 8639 7680 4632 352 7372
31 5924 5942 299 7059 4783 1867 2262 8407 7342 1893 6035 9251 8171 8161 9748 3637 2392 3142 9281 8596 6445 4987 162 8970 6874 7459 8414 7125 1592 6885 8685
34 7003 701 587 7136 654 3783 6907 8205 2304 365 8427 6503 1526 6444 7817 5076 3251 9538 6282 8604 3274 7282 4472 388 4561 732 472 5234 1690 5483 6354 4927 1552 7517
26 1357 3394 4541 2592 5127 8509 9129 307 4080 4820 9423 9210 767 7629 8018 8749 5478 9454 945 1784 6449 4361 2764 2274 4711 1748
28 8342 6870 868 2126 2071 3012 2604 8966 650 1804 8618 4965 1239 5808 1046 4777 1175 7192 2983 8853 923 2756 6553 1732 5504 12 7678 6966
27 98 6125 1731 4838 1055 1431 3078 5594 7731 3351 3657 5986 9847 9411 1053 8465 2079 1564 106 678 8485 1394 59 3160 5755 2218 5457
25 2245 9510 3327 2153 6901 990 5157 4787 5735 6784 9163 8029 3444 480 2059 6625 3885 1797 9849 9231 8663 2620 6500 4048 8377
29 9236 4485 1500 3518 6028 8110 5001 2278 4608 7164 5345 5675 6297 1422 8211 533 1800 5645 6253 6740 5839 9 3041 791 644 3055 9428 296 475
25 1285 2642 7314 6943 4051 2930 3933 5337 5710 1959 7150 4586 7032 1911 951 9783 5960 1418 1205 5156 8210 8178 8860 1330 2439
29 6263 2096 7597 5358 5789 1764 897 5362 4203 6674 9617 7131 49 1309 2326 4303 6996 1332 2185 5626 2824 4794 3638 3013 8753 4478 845 5518 4893
26 5327 2138 7358 5349 8375 609 8660 4882 459 1292 3728 6836 9464 6832 3624 2087 115 700 909 1063 6057 6985 331 360 1952 3285
29 4029 606 8173 9591 7027 9749 7814 2548 7024 1065 8129 8139 9118 4813 8737 1099 5289 9148 6641 2205 751 5180 6513 2475 9809 3886 5535 9492 3770
31 5298 8460 8665 506 4979 407 7054 5752 1374 9569 204 4289 1677 7036 2459 7177 8121 8274 2978 9948 4018 3954 3695 6611 6193 22 648 6045 2575 8199 2039
29 6304 9958 2549 6217 3548 9385 5384 6185 7441 2294 7824 8267 5727 9355 4253 8802 3135 5852 3915 2816 1145 340 3415 7899 2933 2220 3582 9850 8923
29 7877 147 8191 9864 3268 9162 3440 7497 3420 8374 2514 4903 3505 9539 9906 952 1933 58 4300 6325 4318 8451 848 3677 126 9157 8268 1638 6309
27 7966 9329 6272 41 9081 416 3207 2670 6095 9688 6147 4444 9499 4213 5299 5685 5758 710 5699 8016 542 2222 8977 3239 9768 1015 5576
35 7850 1489 5647 6413 6762 7195 8063 9561 8068 5515 345 6613 7632 7171 652 1362 6276 1506 8360 6165 8796 8934 3267 7509 8850 1381 6042 5898 446 4799 7348 1635 9759 6441 3246
24 5034 6633 5659 1142 4079 7664 4119 7582 1575 8410 8626 2444 3435 2040 3418 2729 5220 1695 5595 1795 7488 9444 7021 4390
27 7956 2034 2234 8932 5512 858 9442 3648 7507 8759 1321 7112 4060 6891 7542 8061 2676 4309 4026 7900 5709 5979 1923 6853 32 3895 743
26 3668 7197 615 4572 2788 5208 8522 2718 1279 1089 8922 9043 2453 4423 497 8364 5897 3780 1219 4498 7051 5772 7102 7471 395 380
24 7804 9280 8933 3544 4399 6600 1493 5183 5623 8319 4128 6425 664 4443 3988 3393 4809 5841 3429 8425 885 4006 4052 4336
33 9055 9726 6467 9200 238 5737 6111 5484 7124 4465 9149 7225 8007 2834 7058 7086 1672 6592 1033 7914 1681 931 3678 9518 8885 9577 8128 9264 6158 9023 9666 3478 2735
29 5827 7727 463 3612 637 9845 3998 1184 100 9819 836 8389 7716 1547 2552 5003 6991 6127 3912 507 5654 2018 997 965 7757 6742 2328 663 350
29 9715 9913 8544 9393 5596 3036 3085 4878 4823 3408 8387 7955 1577 7153 1963 9505 9064 511 1827 7244 7340 215 2149 1086 262 8756 7614 8824 4791
28 9874 547 768 3685 3562 9115 5093 314 1670 7452 916 7100 937 8911 9797 7735 8949 418 6214 2398 8575 3533 9529 6240 272 3675 586 7791
30 7945 2901 4061 5065 8610 792 1684 5363 8326 3364 2299 5692 4200 3026 1242 5907 6590 2104 2943 4476 995 1388 3591 1457 8954 8474 3068 2919 9401 6606
25 7309 861 1377 2174 2003 3264 3253 8124 8674 9344 2482 2786 38 15 5353 3905 271 3372 6732 6578 464 6623 7636 1587 9112
31 8143 626 1474 3995 2385 6287 864 4074 1404 2065 5757 1491 4895 9277 5311 137 7554 4389 800 8833 929 2559 3450 4165 2204 9057 2994 7809 2431 627 8854
27 6951 3287 5464 3438 7997 7601 1048 392 4682 6256 6208 2122 5153 3847 9692 7155 7969 677 4447 2157 8405 4800 2646 2987 8941 8356 3127
28 4600 420 96 2805 7522 9024 9311 195 2339 9108 9509 6366 5254 7851 8234 8052 8300 9034 7755 6422 2545 4354 2501 9336 75 4865 4941 2455
22 1519 939 9857 4323 2833 570 1192 8776 7968 5555 7062 5417 4548 8565 7310 1598 9222 3647 9473 9199 3529 5670
26 3690 6122 1788 5019 2319 287 6556 470 2360 2584 7793 7082 5207 6023 6396 2810 3946 4908 9898 1853 3541 1805 5322 5472 3430 3993
21 6469 7237 1887 526 5585 1874 4846 4421 8601 641 1342 5599 5121 5218 5618 8571 9734 8798 321 7366 6315
28 2190 3919 279 2025 5471 920 1187 5849 1267 4916 7558 3324 3803 6464 3864 1120 3399 304 6797 6532 6473 4353 1354 9333 391 709 5818 1650
29 5280 830 3530 3369 3165 2615 4522 6390 6015 2321 5805 3978 2739 1648 5815 4860 2434 5996 3584 3571 7254 4290 5168 7828 5678 5560 4072 9655 774
35 4845 2684 4958 7756 2441 3990 3620 5765 2651 5233 3197 3400 8144 4977 234 8064 938 2333 1885 989 8116 6789 8334 1041 2488 343 7677 4239 5884 8819 6973 3211 2769 4409 1302
28 3179 8097 6353 6200 9316 394 3911 4312 1723 9369 8079 8049 1469 9448 6338 6778 2870 9613 3623 255 5047 6267 8859 2663 5837 6178 1924 2169
31 3081 9228 6141 3248 1462 4185 8495 5144 596 4330 9159 2180 5607 8189 5514 7787 1319 4998 1152 7607 7489 7339 4229 1662 9496 1056 9443 8897 8839 9474 6048
26 6635 7222 9282 3346 2295 3957 1386 136 7702 2593 382 7311 9361 4344 6597 7170 653 2033 1112 261 232 9377 2787 1871 3760 119
33 4219 7957 7189 5759 2212 588 4576 5537 4500 753 9116 6626 3290 6089 1532 5673 3768 3111 5100 625 6106 4232 5160 2820 9335 1324 1438 4413 8088 9020 7141 657 6136
28 1988 9267 8245 3791 522 955 5817 2680 1957 3101 1214 5534 2258 7298 6126 3809 5879 4154 5438 6374 1022 6399 6787 434 1854 1866 5315 8290
33 3115 9348 1010 4950 8265 2113 2547 5635 53 2224 8248 9265 6948 6391 3309 6559 5720 6436 5743 2957 5643 417 9027 5557 2918 1363 7810 192 6115 7186 1097 3722 7708
28 3980 9860 9161 5191 191 1588 1383 6734 4923 6533 6755 8667 5331 5393 8308 5787 8182 50 1002 4974 7458 2582 6587 2610 6283 7551 1003 4968
29 1566 6616 4429 4661 1572 4771 8782 7485 7337 4527 5971 7438 2551 5359 8046 6255 7232 1172 9154 5842 1716 5456 8783 1318 9015 4945 3580 8490 4304
30 7368 927 7285 7430 4742 2706 6614 9173 2689 7766 9896 9750 3367 7324 5041 7536 6426 402 2887 1220 3664 7456 2971 7549 3630 9183 1488 1810 2857 3900
25 9813 4499 5026 9605 7894 4616 2722 3104 6854 4311 8352 1428 8476 398 1406 3779 2030 4335 9181 8641 5106 4148 6955 7821 6499
28 9543 3060 5784 5602 5244 9805 2619 1888 7201 4851 4085 905 1554 5867 2000 4415 1850 3828 2528 3261 8570 1389 7168 9169 3628 3680 5524 2704
29 7774 155 7004 1831 5998 8095 9239 2091 9848 3536 5981 9642 8106 8015 7071 2913 5441 4137 3159 8623 2566 8388 2492 1530 5682 6672 8037 5111 549
26 5089 1263 9164 8797 7433 5426 7688 9674 5742 8891 4473 1548 9232 2261 6104 9126 9709 399 2335 3009 6661 3132 3224 5829 4391 5935
22 2198 796 8312 7559 2225 1706 8146 9323 8904 561 3283 3792 1802 3891 2120 9450 8262 9516 9788 1604 17 6654
26 8150 8398 9128 8563 4992 3493 6296 6000 9405 560 2767 3590 2614 3029 6447 4952 9185 8716 8788 8730 5373 9318 7779 158 3752 8303
28 4737 6802 7179 6337 1287 4847 7346 3354 63 9106 4103 3477 3924 1818 746 7981 725 1576 2490 3712 1194 8760 9352 6392 173 7730 5124 935
24 5294 7967 5328 9614 6490 1570 1349 2094 2313 5240 6912 5753 517 3308 5445 3702 1961 9484 5126 8026 4147 5475 8870 7496
26 3073 1683 9142 1088 6738 8421 5422 6938 2985 6377 8471 2410 6704 3960 7246 1509 4516 766 787 4056 8762 9008 436 4382 5485 8297
33 4980 4405 2944 5287 5733 8863 7596 1143 2487 1289 9648 2042 9553 603 8105 1847 339 7138 3756 7012 8657 9899 3734 8627 8085 1644 1727 1838 101 6063 3879 6112 2894
29 1628 4715 961 5262 508 6867 5195 8890 2199 4523 2601 8687 3337 8679 4102 3839 5423 2334 8822 2940 3422 5954 6876 5642 5918 5219 8592 4761 5707
27 6830 4984 4886 2150 9051 9927 986 8158 7299 6167 8433 2367 223 4474 1879 910 286 4345 3991 7637 8585 2386 9131 7220 8292 66 8152
24 4446 1029 2133 2973 4792 265 1017 8404 1085 3736 1629 1609 7380 3318 3689 9356 3257 6059 7316 892 4341 1114 405 3015
30 7560 5364 4386 5140 3 8383 7367 8595 4724 5658 2178 1915 9842 3565 673 7356 2270 9914 694 9817 2156 6896 3984 762 4314 4019 983 8529 8132 8255
34 6448 5671 8185 9900 8280 9968 6893 9959 735 8573 5723 9945 8956 9908 4182 2624 4766 1399 2364 1890 4810 2515 4875 6319 1671 7929 358 7641 6892 2600 6107 651 5095 5978
26 9026 4339 6286 7230 7437 6640 7753 2688 2269 6730 7149 8637 9386 8358 201 3720 9384 4695 5754 244 8640 8543 655 148 5473 8042
26 4940 7115 289 918 9982 2801 1419 9503 4680 6370 1158 8176 406 5489 6429 9217 6794 9437 2109 6673 5221 5035 6609 5292 9852 9258
30 5910 8723 4994 4981 3386 8228 4687 7586 5577 1861 81 6811 3732 7371 5419 5950 4425 7487 7640 37 5203 7773 866 970 2760 3570 4719 3384 2378 1825
26 4774 2523 8631 1304 8703 9800 9099 8432 9855 4494 5252 8458 6566 7531 8735 3334 7274 7272 817 5991 5936 855 3102 3627 9985 9804
25 2401 3138 9133 6890 5386 7005 5273 4176 3587 9395 5689 3241 8033 9829 993 863 8579 9840 5549 3403 3825 6669 5666 7931 4685
28 6053 932 3889 9321 476 4434 125 5286 1777 34 9330 64 6869 6630 7477 605 643 1947 6721 6168 2337 8135 270 5224 6033 6941 9550 4506
32 8995 2997 2657 2731 2889 7935 4926 827 1852 4949 8298 5302 7044 532 7080 2993 4127 252 4000 5297 5231 1008 8867 1358 6615 3451 6014 2567 9357 1906 6227 4698
25 3090 1996 5856 7506 5676 346 4872 2818 8888 1433 7613 4017 7885 9616 3456 292 8480 6781 9430 7946 1535 3297 1179 5146 2233
27 7393 3930 4050 6249 3975 9125 8862 8027 243 5129 2414 9815 214 1449 7503 7541 2843 6355 8725 4456 3929 4864 9632 6575 7355 4819 9640
28 8978 9046 8084 862 8611 9551 121 2114 3405 2612 3442 2866 3323 456 5927 5446 7606 6599 4043 9205 5632 4953 8365 2613 8747 7066 8562 1844
22 6186 1940 1028 6231 5893 1714 3417 553 9174 8706 6735 3723 5674 2687 24 684 9467 9925 814 2660 4139 2255
32 8825 7952 807 2527 6842 8041 9572 7740 4257 846 4489 4493 9903 9586 9677 1062 9326 9077 2708 7010 9399 440 9976 2197 4403 4268 1966 3640 3437 2221 8669 5578
29 7364 5259 799 5397 5066 7618 4508 3439 2877 7870 9056 4062 971 7859 9073 3824 273 660 6348 3314 8301 8202 5980 4627 1256 7039 86 6434 8078
27 3348 5170 4461 7286 1501 8928 4428 1752 2828 9570 1813 4220 3953 5352 6788 9446 2016 8963 919 708 8559 4295 6828 8840 8361 1962 1898
32 5468 6583 924 8743 8988 3788 7439 6181 9415 2741 1346 1622 1405 4025 5165 757 1616 1168 5766 6923 1691 6051 2845 9243 5656 9799 9563 879 4369 8506 7933 6241
32 3193 8781 3117 8250 686 3684 231 5053 4211 9039 9741 9946 8253 6602 4151 9793 7609 7818 1568 5321 2790 6511 3528 8929 7264 181 2541 4116 4892 3377 9005 8836
28 5788 3601 607 7846 1502 3856 7796 950 6670 4605 7989 8514 998 3361 7671 9955 6442 4036 73 6362 8408 3188 143 7707 1989 5756 8188 4585
26 3971 2543 9663 8346 1250 5853 2021 4095 5680 1656 438 8902 4055 949 1407 2478 9931 9662 6476 7262 7319 4510 3967 946 4599 6172
29 1044 2836 4477 6301 8071 1776 9048 3311 1225 8548 3329 4518 1945 802 1762 2658 5831 7478 4468 6931 2291 4334 1661 6244 2596 4256 3644 1045 2975
26 6387 2945 4030 3745 6365 7526 3696 5622 4310 9834 2171 6349 7208 7103 7620 6162 2409 6819 8771 8664 1014 5527 6143 3539 97 8478
29 1630 9984 4633 8683 8251 6298 5615 6408 5769 2855 83 5077 7819 5458 9520 2187 2608 4704 3004 9540 2952 8057 2297 1443 4869 3849 3110 8962 1384
28 5816 1312 3064 1413 7424 7006 6897 3801 4745 3854 5517 7063 556 9784 3302 1697 2506 1082 9780 7511 7307 9956 7464 6339 2353 8930 7904 6866
28 6303 4646 3754 5724 8717 7723 1758 7105 9040 2397 9152 9830 7849 7301 1244 4972 169 4192 474 7338 7091 9146 2176 9630 2697 3604 5045 9764
31 4694 3047 1260 9468 4564 8555 9740 8286 3185 8381 550 8741 7209 1412 908 1611 7178 3425 6543 4190 7951 5690 5447 4854 6624 449 8294 368 1090 1336 9676
28 5453 6512 4426 4758 2420 278 9475 717 2247 981 2105 7782 7668 5086 6666 3049 1135 3461 7639 1613 5864 6191 2056 8742 9069 9368 9755 4806
26 6060 5574 3566 2390 6218 5367 2856 2740 1894 2183 7120 8532 469 6958 6418 5894 159 3345 3705 7578 341 7619 1171 9650 4355 46
30 933 9523 2463 8406 8917 779 1392 1728 4996 8461 9894 6258 5391 3083 1791 422 7612 9255 7594 1074 4262 9602 6944 9188 5824 6651 3793 4174 2641 4956
29 6875 4401 6522 2863 1054 9578 7280 7746 4650 8466 738 328 9928 6544 5598 2873 5499 8992 5312 8792 4881 3243 9322 3223 8400 1461 356 4463 8025
26 8809 4121 5039 7403 763 2585 6995 3310 9961 622 8727 4313 8924 5021 6054 2089 8608 3747 7527 9266 4168 127 1621 157 323 8919
28 4076 9287 3163 2773 5054 721 7122 9531 1163 4240 5648 9590 8804 447 9479 9477 4368 2155 9268 6807 9970 1603 9303 7261 8816 2503 6877 8329
25 7724 865 4482 818 7963 3516 5030 6928 5877 7673 4759 269 1512 1369 2811 6527 5295 8204 5411 7435 7207 3739 5101 5251 5721
26 3181 3700 5719 697 5883 8450 9309 1771 9121 82 6194 7174 841 4042 4577 4189 7570 9644 4612 2589 4751 8950 6077 4772 6482 3812
25 5728 5715 5865 6465 3902 1006 811 6637 3597 4164 9079 9791 5592 829 8946 4961 4034 4657 2556 6030 2456 1581 5791 1921 6551
28 9964 8684 4261 1974 6883 7860 2045 6507 1232 3370 5211 9088 6486 1387 5338 249 3713 2888 741 2338 8184 8454 3414 9132 3105 1756 7129 8551
29 1624 6312 5544 1979 5278 956 7633 2861 435 9457 2569 1623 6247 1258 890 7498 552 8784 7031 9204 1694 857 7017 4224 9714 3667 7350 6701 8871
33 5696 1106 9549 9422 3404 6041 9123 572 4160 2637 3588 999 8069 51 8740 7127 4467 6554 491 2418 344 5149 1812 2287 3035 4674 4818 8726 7228 2036 9143 2794 9166
27 373 693 4638 6230 2450 5394 5714 7631 2665 290 535 4830 2954 4288 563 6203 3446 4741 3504 1352 8392 9517 9400 6715 9451 860 617
30 9434 9796 7137 1643 7942 4863 6572 1717 1125 8345 6549 2903 2404 2719 1807 4995 5075 1035 4905 2659 9534 8525 364 57 1703 1521 2457 3098 9682 2791
25 9404 5891 6555 7701 2068 9645 2498 3777 1811 1769 277 8518 6636 6043 1927 3374 4574 882 5067 6900 8875 1993 2777 1713 2368
32 4899 8648 9782 31 1593 8177 8306 4942 6895 2237 2215 3819 338 2393 969 9901 1659 222 8276 6918 2675 8462 2004 3706 7268 3701 6076 3125 3598 3382 1606 7571
30 5651 7645 8003 1891 3577 809 1254 541 705 2284 5348 254 4321 5435 515 9522 9373 5042 5911 8430 4841 3389 7833 6593 9854 3187 8818 2808 4829 3757
29 7258 4075 5955 9206 4352 3621 8457 2800 4962 3979 6320 2542 7394 2340 7858 527 6537 3807 7444 6151 7610 419 6385 5450 4701 4157 7451 5037 1803
26 1303 3080 8785 4581 6506 3157 5947 7514 8969 9241 8868 7928 7660 2712 7845 8607 9221 4693 512 6454 8842 537 711 200 7009 2817
31 2363 5703 7323 7982 4947 4015 1605 9001 5781 2251 5009 5873 9175 8582 5532 6478 2006 2904 2081 7457 2961 520 9973 1739 5661 1919 2666 3129 4939 5571 259
33 6233 2253 3474 9919 4248 8002 6056 5454 7352 9068 3204 1557 7769 8844 9851 9418 4122 5525 2768 2875 777 3413 9686 789 5406 3567 14 1105 4983 6872 4866 1096 1709
26 3155 85 5350 5997 7557 9638 4365 3199 9574 8913 4919 1908 7167 7863 7905 5080 7499 1994 696 966 9285 6420 4915 6029 9012 3982
30 1787 635 9180 4021 9737 8662 996 7589 6044 9705 7762 3259 9999 7180 1361 8812 9308 1429 9436 3154 8712 6700 5547 6676 1234 6157 1295 3272 1459 4106
33 6517 1466 8838 9763 7747 8979 3326 7728 1725 6205 4936 6997 4691 1151 6228 6603 3291 6961 9007 2279 564 1007 7413 2350 2088 5984 2259 3227 8615 4619 7376 5819 7836
23 6525 5452 7484 5638 4375 6040 145 569 2388 7765 1711 2484 8948 672 1444 2219 202 9824 5381 9957 9711 940 501
35 8229 9802 8600 5825 5420 5179 2511 982 9585 3942 1824 5892 7623 5064 5655 5782 1115 4167 5413 1251 1738 2102 7256 1889 4857 5023 3003 9469 6461 4107 9610 4039 8568 4626 4934
23 9029 6696 453 5539 7019 7344 8288 3019 7882 3347 5775 9589 6909 3948 349 8889 9969 7980 3401 2955 7390 8537 557
27 2581 4833 9420 6018 3782 1323 2519 1595 7513 481 2008 2649 6846 2130 6680 8281 6496 4247 4038 5343 7563 7442 9771 1199 7043 7655 4333
34 6754 2598 5213 6087 8366 687 3471 5663 3502 3634 6950 3191 5451 1534 7022 7973 2829 9254 9773 2759 163 4424 682 3935 4622 6294 7243 7573 4900 1722 2538 7843 9507 2842
29 4194 7986 4535 1602 3691 7067 6037 9932 4337 5303 6184 3759 4643 5606 2343 9478 1351 9147 975 634 6222 2370 1300 6197 7991 9555 1910 9513 3737
26 4297 1765 3371 2412 5995 3338 9327 3462 9992 2489 8900 1257 6189 7072 1395 9230 5713 7624 8350 264 4649 6770 3046 4569 1612 9141
27 4788 2066 3335 6119 3007 9991 9187 26 21 1218 129 9904 5982 2038 2761 6364 9735 65 9334 6152 4767 5973 6791 3482 1445 7493 1101
25 9684 208 8081 4505 9047 4637 1040 1689 4065 6344 8390 8096 2778 3694 9341 3755 2583 451 1705 6927 1836 7630 2345 2329 42
26 3353 5633 8257 773 5953 7335 630 5519 7635 3716 7250 8295 1050 5390 3016 5085 9635 724 9983 3943 9744 9994 3602 5832 9756 9486
26 1942 3551 6610 8634 7462 2902 1497 5013 957 2618 4683 8787 8918 7297 4049 2999 9909 7217 9844 3164 7026 7139 3062 612 8581 6159
32 8701 8894 6415 1645 5777 8219 5657 203 5976 8613 994 2473 7343 8622 875 5308 2959 4278 3742 9362 4460 3676 379 5845 4132 7711 2678 8661 2173 5215 6889 3934
31 2931 3166 545 6323 3636 2879 2166 9779 1011 5513 5764 5634 513 7281 152 6515 3281 573 1944 8282 9897 7085 3022 1367 3280 4450 1182 7985 6379 3385 3286
31 3963 6038 8164 6452 3454 7959 3116 1228 9482 8208 6281 4888 5238 7050 7317 3817 4549 2782 2467 6381 6629 3383 4948 2652 900 408 7029 9421 4046 5335 992
32 1436 9427 2285 2470 1186 822 1316 8707 9472 8209 3715 8019 1912 6628 1283 3143 8704 5796 8073 3781 5505 2558 8999 2625 8428 9138 9314 2146 9460 2061 5010 568
28 4416 9628 1284 302 4688 8965 6277 1583 528 4504 2465 6868 6424 9041 4877 1492 6335 8835 8764 6462 7472 8340 7681 6435 5316 8270 6518 9394
28 6710 6199 5966 3673 3086 6414 5509 8031 7334 2521 8230 4975 6047 2300 793 8681 6835 8464 8535 3656 6453 8905 9742 3203 8689 7135 4592 6220
28 4066 1038 3362 7922 6393 9701 8145 6148 1378 7077 5190 6908 2226 4538 4087 5940 7783 110 2907 9868 9935 840 9398 4862 6011 5603 3043 4641
35 3579 1042 9835 3106 461 5798 7057 9907 1060 1024 7253 1549 886 6491 6201 3710 7704 6121 2550 4173 7552 6924 1075 8697 5217 9770 6939 6565 1826 4131 5366 1990 7501 2268 4896
30 3639 8099 2427 1507 7447 5131 7831 9680 1019 2972 6223 984 93 7446 2890 5588 5159 393 2217 3682 6477 6508 9414 5866 9408 375 4260 1385 4363 7679
21 6975 2984 7649 6153 977 5133 4801 2352 9028 6940 2110 6409 4558 1816 6198 5774 4944 8142 9223 7061 1037
30 6935 1420 6458 4524 2461 8125 2189 5043 675 6915 9208 6837 9940 9794 5959 4935 7156 7469 6858 3607 1440 4528 6334 7874 9242 5266 4723 4045 6693 3820
29 2347 9392 8831 5466 1203 9575 8659 3555 9032 268 1339 310 1715 5437 3520 9636 9506 197 2990 43 8516 9176 180 3920 7000 9657 4225 5399 9296
30 9114 7574 3594 8201 8724 7869 9736 6094 6472 7013 6308 430 2536 2774 9388 439 1936 782 319 221 3718 6766 2248 7892 7300 4999 3449 1822 2280 7521
28 2437 2757 9707 7919 8714 6752 4557 8287 7932 1221 7616 780 1111 7267 90 3295 9419 5378 8112 9144 8218 3970 5122 6988 3958 9921 3156 4590
33 120 2908 5968 2374 5885 9882 2213 7897 7144 8633 6749 760 2481 5847 9470 3550 9248 8658 6801 3729 6729 1755 9601 8331 3093 8576 7500 3332 7094 3626 258 9624 4978
27 8580 9342 8336 9487 9582 4721 9558 7750 9190 9986 4398 7483 7871 8998 6176 2865 7603 8942 631 7096 6920 5214 7007 3835 4738 9186 8212
25 5177 2327 1241 5088 5994 9731 1275 1772 2182 1262 7721 4648 1817 3491 226 2881 2325 92 5497 5469 2060 8440 4020 3838 9371
27 5379 4408 5400 187 5333 7402 62 6668 4534 7030 4532 2910 6225 5508 6169 4520 1730 3546 9588 9533 431 8642 4990 1076 3276 9304 4007
26 3487 1977 8587 8166 7308 8416 7370 6694 8810 9063 4502 1620 4315 2776 9653 8203 3148 832 9634 7357 8291 1148 8136 5876 3000 6967
29 3284 5482 790 9568 4885 3625 4964 2572 3161 7191 8746 8351 8720 4664 4593 5763 3359 5553 2376 5491 3330 1747 5937 9090 1782 9084 7788 389 6108
25 4815 2792 2136 104 6378 1886 9963 1508 1640 5530 6274 2644 4449 6170 7720 6859 1197 3827 6129 8765 7879 8446 6154 1920 9160
30 2974 432 9729 1451 2298 3581 5799 6992 5229 114 1859 5114 3235 1955 5969 9606 9996 4162 7566 9260 7075 5810 4479 88 7617 1471 5056 5258 7548 2539
32 9347 2147 3088 5628 7803 146 4898 9785 5032 5334 4364 3983 3096 109 1314 189 9886 959 5474 2715 8024 1355 5283 2711 1978 6805 2208 2165 8213 4091 6645 4161
30 1596 4907 4795 1176 2331 4954 1136 9305 1490 6826 8470 5835 4452 165 5188 4876 9508 2732 5408 3230 4920 3972 6774 3233 9203 7161 7078 5767 3113 8803
27 9380 7407 5610 7162 3168 5109 5174 9712 843 9409 3537 1766 9892 2737 1619 3981 8878 4293 1679 4712 5245 6079 6403 245 2399 7939 2382
32 7690 1710 1071 5948 884 7448 695 2106 8699 4659 8115 4112 6252 6879 5459 723 7577 2202 9037 7092 6090 5501 1004 294 4439 1123 168 1034 8521 6305 3731 7203
35 7427 7987 2020 5736 8693 1970 1347 2125 1745 8449 7011 9497 9359 6698 6017 5175 9071 6795 1170 3894 3725 5999 3878 7481 9584 8223 9885 8886 377 3679 4690 7468 1584 7277 5531
31 1322 9339 7126 8718 4273 9867 7145 8453 788 1734 1712 9594 9202 6588 5520 7875 3252 213 4644 4469 5729 3210 6974 5236 5344 1673 3304 3510 2745 3365 2365
32 9480 6596 3795 9651 8993 7113 9810 2315 2446 8382 9022 8882 5503 2965 1968 2464 8789 442 9839 6638 2406 4202 5746 5921 7016 6564 308 3443 4512 536 7187 4410
29 5110 5521 1878 8259 3687 3050 1779 3186 9216 3619 6265 2685 1299 2667 9247 4828 1589 460 353 7866 2223 492 7389 6384 2400 4662 9772 5718 3027
24 4812 3663 7634 7400 7418 8758 2118 7667 2579 8896 1425 4488 9376 7354 3850 733 2177 2013 2946 9837 4602 731 6120 4037
29 9237 6980 3641 5650 6099 7556 7676 1308 1424 5455 9775 6135 7749 6612 5230 9459 3964 7792 958 2479 1965 4654 7893 680 4099 1435 1573 7304 9526
27 6677 5811 781 1189 4212 3848 7961 8655 1341 8770 5857 1953 7147 9067 9521 8996 6412 4713 274 5257 8731 1301 6713 6102 3660 6750 4487
27 450 9086 2611 2594 1737 6101 776 5141 6582 8418 6815 6523 4235 8083 9124 6096 5271 6019 6662 4343 7699 9949 1964 887 3786 1819 6085
30 4359 9562 856 8937 2011 6682 7020 8628 6466 2780 7504 3067 692 4707 3916 9690 6959 3498 487 658 9751 7733 4110 1213 8001 1202 894 2840 8512 2320
25 2017 3222 8419 8861 9639 4383 3575 4560 9760 5185 715 6346 726 5604 7283 9700 7813 2289 5415 5843 8034 7622 4326 4246 3787
30 1916 9363 7218 5429 3884 2606 6219 3798 4105 6187 4317 559 9256 3811 2310 1382 5488 8076 2962 5542 7182 229 19 4676 3517 9378 3790 585 530 4233
26 7920 9943 1280 3170 27 7865 8909 638 3525 5007 4118 4575 2815 212 3549 1207 1775 4221 5002 1181 913 5486 1268 6114 4378 7581
24 2872 9733 7884 514 8 5434 2690 3375 3870 6776 5870 3741 3631 8491 6433 3765 5600 6211 3217 8513 1482 9109 6757 2743
32 3056 2899 9087 1687 8925 6947 7212 7909 2698 1928 8442 4546 3989 6880 8564 7383 9922 3831 4850 8915 4571 8935 6829 5194 3279 8957 3030 6963 3416 7912 5838 7360
27 2868 9003 6818 6850 7784 196 8269 9289 9035 3572 4598 2876 752 188 2837 8082 9789 9462 9300 5697 9096 490 1470 4123 5581 6539 6498
30 8645 2301 2677 6341 8309 342 3635 3665 130 2721 1653 5336 1196 2354 0 8075 4639 8673 1897 5923 3070 3611 8914 4603 7591 8578 2730 534 8130 4129
40 819 722 6688 3939 7921 7257 804 1487 7772 7326 1331 1147 2577 1393 1499 8190 1206 4717 3238 5319 4374 7713 4216 2905 6768 9801 7561 8094 9887 9293 9895 8931 1107 1995 8492 4563 6340 3448 6785 6446
34 6388 9942 4804 5074 1868 5802 7710 4411 3669 1137 5387 5401 9080 103 8745 8533 7465 713 1278 3808 4206 1625 7915 7305 4448 3686 8438 1124 3250 4565 7176 5059 362 4146
30 5206 7083 8261 5424 7717 1937 7901 7873 4789 8413 132 8379 9061 2570 4191 2107 2074 266 954 3861 9346 2964 5187 5526 5962 6032 7853 5267 2926 8487
29 199 9713 6840 9167 7580 4552 3040 3503 1390 1614 2026 4169 8434 457 3134 9440 6780 6952 4824 4911 5551 1571 1446 5152 4918 2395 2092 4802 2508
30 5081 5620 2617 7906 7726 7515 1870 4306 5722 8874 2912 3535 467 6717 8769 621 9806 5004 8077 9717 8070 1610 745 4098 6978 8059 6206 3094 834 8044
27 1230 6576 6243 8475 2468 228 7238 3001 5016 9988 5407 9665 9065 4071 8086 2869 2009 1926 9786 7425 3315 7199 1450 4782 903 4827 7930
29 5025 5559 1166 3473 9514 1495 7806 7775 9379 3974 4960 2309 3373 6690 2307 3872 4274 6650 7474 2435 941 1091 2750 8397 1579 9396 2356 8335 478
31 668 9703 9365 3871 6163 9649 9803 2083 2928 2763 1750 9453 7216 8477 4932 5511 6293 3997 4567 8652 7785 1463 3761 4331 3618 2369 4551 8279 5410 7903 3837
31 4320 2942 174 1744 8258 600 876 8343 9732 1863 706 3349 2290 6558 6816 1529 8252 8373 6123 4786 6917 6814 2950 5409 444 1553 980 8960 4437 2170 9637
33 7534 9375 242 3748 3262 1692 2860 6352 48 4394 2923 9407 8901 7476 4769 5609 6911 2509 4912 1984 1013 2249 3506 5000 7674 9620 1208 9689 6250 3242 9752 9825 1129
32 1668 2638 9870 6942 3407 8793 2692 3951 2336 9997 454 5989 7475 3553 4652 9076 7533 4462 5090 9098 2844 4515 7972 6065 3271 8165 8588 5780 3531 9207 7584 8786
29 1562 4873 190 7867 4351 8126 1991 5198 647 4679 6792 3458 7700 9349 7569 9273 3490 5105 9447 7329 1698 7166 7295 3137 8877 8456 4142 689 6330
29 6699 7042 7074 1998 9225 7800 3593 3201 7391 9288 8236 7684 7977 1550 9525 8964 4894 7924 8719 2723 5695 2500 9382 3552 4209 5933 4545 5932 1009
30 1749 8702 614 7056 8984 2525 7455 1551 1403 1223 1079 6502 8502 4589 902 6834 6993 8362 9719 7084 3521 5460 4993 3465 8837 1467 4263 8668 8147 6149
27 2520 4058 9050 370 4678 1736 4554 9113 8583 4653 9865 5543 5275 6291 8359 1061 9828 8320 9816 8987 8971 8196 251 1639 5801 3558 2027
30 5199 2411 5529 9212 3139 6695 6838 1741 9738 9053 9120 645 8235 9502 9310 5113 9234 5371 3784 6671 3343 2256 421 1884 3693 2264 9272 6534 8008 3569
30 207 748 4601 6962 7434 8768 1329 5119 2526 9062 3836 2557 5812 972 9220 8556 4392 7795 6118 1561 5589 2095 4595 7116 2934 248 9283 6475 3622 3897
29 8328 1122 4291 4117 1180 7886 4852 1527 5548 9122 9965 5702 1770 9501 1326 4181 7539 3932 5550 7770 4451 6678 4379 1574 1849 4269 1472 8080 9246
28 7001 9145 7976 1615 3182 7328 5868 6925 8200 8437 3141 5193 756 2969 4077 8452 8263 5388 5329 3776 4497 7219 9312 3867 55 3822 8344 5380
31 1454 754 9593 9939 9745 9795 7419 2373 5442 1077 898 2524 6299 9853 8393 8311 1484 6541 1774 2493 1876 7593 9274 2449 2561 3025 5166 8367 5593 7712 6427
27 7064 1398 5771 4913 3719 985 1486 2586 3766 1273 8772 5050 8192 4111 5945 2949 6411 844 555 372 5243 7940 471 1311 4930 6748 5082
29 186 9366 5946 5662 1160 5916 8391 5272 1155 8000 2252 4746 493 6972 8237 4668 3140 7293 3830 7417 590 4883 6799 9165 2405 3133 3904 498 4922
26 288 3445 6463 198 7215 8055 6278 8330 410 5858 2023 9629 4208 3099 9530 6273 8482 4623 2282 3764 7832 1882 7841 7384 1972 7644
28 4976 2191 4933 2988 8651 6922 6357 2238 7142 1510 9452 4089 6982 4009 2476 4716 4267 2713 8289 7856 9002 1948 8542 9213 5058 8493 7523 7233
27 8067 6618 9893 2472 9134 824 7159 4963 8384 3183 3053 9195 2188 6550 7651 9078 7404 4357 7146 7808 8938 9178 1580 5022 9627 4298 7544
28 6483 5015 3118 7564 1005 3769 3524 9139 3896 3084 3573 1402 2497 4445 4404 6825 8040 7079 3266 3603 1515 5182 8371 8682 2682 5091 4628 7251
32 2035 1735 558 7751 6824 2119 6468 9364 3076 9179 6916 734 2568 1325 54 2051 801 2108 4640 1740 838 9269 5461 3455 610 7406 5712 4238 297 7520 8898 9054
31 7227 4951 8545 6405 9880 666 142 3260 1594 1846 1954 6192 4372 3317 9652 56 8197 1759 3453 9769 1252 8990 7088 3758 4126 1873 9340 6069 7123 5523 9664
30 2648 4068 917 2716 5163 2871 4367 1012 1315 5546 5668 351 1582 5247 1845 7236 3863 9937 6577 8043 2991 7229 9345 7193 6849 6209 4184 1907 5562 3707
25 3496 9912 1018 6367 2630 3671 6430 3319 9944 9841 426 3688 7033 9111 7705 1222 3066 2387 4023 1841 1786 4798 7320 6025 161
26 5171 4803 4385 5988 3194 164 1767 6930 5895 359 2200 3509 9105 6655 7210 3556 7172 1021 4739 8483 1742 6833 3484 6328 1633 2194
29 9512 8338 4583 4012 1505 3772 6494 8119 9728 3472 4997 4002 9286 7205 4943 8625 6082 1333 5854 3950 803 387 2935 579 5356 867 4509 5859 7460
25 5216 2361 5062 4097 2936 3617 6887 9753 6736 6406 6437 3300 9673 6246 9259 3805 6386 7494 3028 7553 8321 6743 4145 386 6138
30 5061 1132 8638 6073 4004 3333 9354 3042 5809 4696 6812 5281 2963 9972 4227 4226 5018 6514 6269 9045 6783 4609 4578 1259 5773 9391 3112 2485 7771 4108
28 6117 4259 9918 6905 9592 6760 9747 182 2540 8127 7287 9491 3522 6580 5640 2781 89 3860 7223 9093 9647 7152 7590 2554 40 5929 5833 4656
31 8763 4861 8523 2832 8736 2085 1131 1746 2785 3303 6659 891 9372 4849 8225 1141 5846 4507 1243 8557 4171 4501 899 9608 6601 7729 3391 7028 9863 7158 465
25 6548 6072 1290 4966 3753 6739 3198 3727 1448 4755 4732 618 4380 6594 8690 3512 6254 1914 6763 591 3941 7055 7306 8834 4594
31 9536 6652 2324 5365 424 4183 942 2516 5347 4884 5226 3774 3402 6369 5265 7076 6540 9435 6345 7255 4618 8396 2622 3306 2196 8696 2072 9544 1195 3431 2322
25 8339 2783 4604 7954 7839 1829 740 1417 7790 9603 7490 2227 8468 6450 6332 9995 670 7510 8318 5888 3913 235 6290 2580 7550
26 316 2168 3844 374 5878 6183 2037 6647 5944 2700 7583 1270 5896 1340 7925 3538 6457 911 7214 47 5306 6968 3406 9476 3800 3005
29 6747 1016 4779 9876 4773 6657 7185 496 8174 3762 8424 1113 6706 5060 7336 6686 4768 9397 3966 3851 150 448 7837 8974 7565 6202 4464 9097 2306
31 2379 8138 1569 5591 4658 1665 5439 1052 2627 8304 7801 6221 1337 3955 5926 7200 330 2590 6642 1514 6300 6712 704 4362 5677 3936 3658 5005 5917 8467 2351
32 7473 4282 764 6010 1881 2862 3033 8547 3649 9291 9843 1156 5882 1167 6964 2293 3409 8848 205 674 1721 3613 429 2053 8686 8376 309 9130 9417 2703 5332 36
29 8734 1686 8275 5861 5492 5972 5293 4610 9947 3044 458 1976 5212 2701 3128 4252 9367 7313 5566 9681 6803 7322 8560 2207 4431 8045 16 4906 2054
29 2992 529 9790 5631 4805 8020 1348 3307 2063 246 1518 5481 5906 5432 1559 1 335 2669 925 1476 1999 661 5392 4070 815 2359 3947 4890 7815
27 5619 8220 953 5828 5624 3794 3215 1781 3846 6817 5139 1494 4870 9872 7429 4266 317 636 4513 8728 2751 9066 2998 613 1481 4241 7895
34 8755 3441 3289 3457 4544 6487 8899 5222 778 5011 6242 8881 4740 5044 1992 9929 6086 1118 703 2693 1796 239 1121 632 2458 4750 2231 8415 9033 5565 6368 1631 8435 4817
29 2826 2607 4743 649 6793 170 7861 6663 3051 4969 9328 2753 9030 4150 7252 5279 2534 3321 6664 4530 4082 2874 5871 3709 6977 7823 1837 6451 8363
26 2736 441 3459 5326 3176 6046 7421 4258 4287 3339 8310 8694 6306 138 5516 1925 5463 8748 2939 5700 6809 6510 4230 8091 8540 1785
30 9018 2129 4921 4778 6103 6516 6050 7047 7104 806 2175 5369 9546 4821 681 1935 6546 888 9951 8272 1183 4770 5132 4418 6012 7242 1997 2640 7081 2891
26 3906 3592 3089 5586 5291 3495 3721 3842 2137 5107 7273 3965 8494 5372 3917 6351 6621 6632 7480 7046 9881 3460 3294 8447 9262 6100
28 5952 3298 6361 4152 9967 6171 7194 3436 3927 6109 2560 4880 275 3244 9924 548 9370 7453 6806 729 5104 1699 2892 4562 2232 7241 9685 2695
32 2099 298 3832 8354 8916 9151 5869 4959 1057 8187 3560 2062 5027 7259 2789 1441 8179 6266 6394 6843 7512 6772 5277 6861 9485 5732 8324 6022 4973 3240 131 2838
27 7948 759 2419 7567 8293 1904 9214 6156 4736 6175 4671 7971 2389 4459 503 6016 3868 7745 1864 7829 3057 783 3733 1556 4550 6150 8479
27 4718 5301 2941 1365 499 2070 6653 7369 2683 2163 2440 1376 7722 4636 5370 3216 3858 4120 8087 3149 5184 4199 7395 3196 2602 5563 2796
26 5536 2795 3711 854 8616 6431 9100 194 2694 1763 1513 2144 9998 2160 6020 4013 9704 210 3616 3103 538 6531 8572 9567 3392 124
29 9890 2148 4620 5317 9873 3208 5569 7847 3483 3282 4753 6052 9846 1856 9042 7133 9836 4874 5125 2966 1642 3006 4393 7486 6326 6288 6295 6008 2250
28 4832 2799 611 4033 893 7739 9917 6460 7719 9320 8170 7883 8567 8368 7347 831 1317 4215 5985 2162 4090 2210 6212 9827 691 805 2770 5467
25 1178 543 5103 10 6481 1839 9263 7941 3703 8632 2139 4889 7689 7599 2121 5382 4307 4414 5741 1608 2142 4537 9884 1271 8412
30 9808 4420 2132 7643 1235 7349 9683 1253 2433 5730 4228 3018 4387 4281 3859 5613 1618 8314 3130 1981 1410 5430 8153 7872 9856 8149 3387 8989 6347 1335
28 7106 1229 8009 6480 5612 5340 7555 595 6937 3153 8327 7543 5136 2924 3249 5418 211 3746 18 4053 2633 8109 4234 7913 2332 5941 6658 4957
34 3576 2246 2917 2662 1768 620 324 7392 6062 9297 8986 3704 5151 4834 8711 2402 1929 8508 8598 397 769 7725 4553 3380 4011 4925 870 5493 1173 6823 2772 9524 4466 1452
31 8065 9619 3519 5987 4400 6954 4214 3666 9765 2377 9481 8794 4584 5137 6061 9581 9979 3069 6970 8550 8841 4024 562 659 2522 1140 8677 3010 3874 1980 7108
32 7934 7761 4681 6093 5938 4078 1627 2477 2019 1563 4322 4135 6105 5958 3225 1503 1646 546 6894 8805 311 233 9723 1432 8402 1757 9319 7642 4855 9920 6207 4697
27 45 2159 1102 4480 878 3277 1153 2846 926 1216 9869 7974 6822 8386 4760 7588 3350 6188 1533 6488 1274 3175 4525 8014 9252 33 5939
29 7662 5826 7545 8103 3876 1083 320 6402 1941 9646 7296 3952 5172 6570 4517 7656 3123 3174 5071 3574 6440 7165 7738 2822 9621 60 9778 2512 8817
31 8670 7332 9493 5930 7270 7351 1177 7318 329 9708 8939 1246 1193 2563 4826 7595 5227 5377 646 2 8843 1150 2588 3412 1917 3336 3802 2462 1248 4531 3034
25 7284 8597 6639 9721 1636 5092 4606 3714 4454 4587 9431 6133 8774 7266 3470 589 8799 8691 8744 1174 771 3564 2286 5572 8644
31 4529 2909 3532 6007 7221 9679 4197 7754 7119 7525 6530 6764 7852 3845 7378 960 7759 640 2048 6027 5681 2668 7037 1789 5851 2754 9607 5055 9625 7647 2080
28 7675 1328 5545 2854 1858 6888 3909 8249 2793 582 5850 6333 171 9301 4684 2916 5314 8051 4223 4279 6946 7826 9511 4617 2546 2416 2878 1261
31 7975 8643 3692 6398 3994 7949 1663 5949 7508 8775 718 5844 1537 5318 5914 2100 8038 5416 4101 4708 3596 2423 1975 7661 1973 9465 1480 3390 8093 7748 5436
28 4088 9814 2193 5087 7995 9866 5967 3226 8795 2115 9910 8647 5587 2058 3258 8102 3632 8323 1753 3052 80 6620 3659 3834 2032 9211 5886 1286
29 3615 3922 240 2591 8431 2078 5040 2024 509 1798 812 4629 6485 1162 6013 1296 3494 295 5357 3480 9926 7204 8605 3202 9413 7331 6067 9660 4342
27 6903 3419 7842 6708 9170 247 1272 4858 4756 4747 6238 473 9975 6782 8856 794 1066 4457 6521 8039 6979 3961 4271 3061 1664 8012 6264
27 5875 8852 216 6520 2403 2827 7706 9412 6574 519 7908 3875 9074 6841 3857 8722 4663 6471 5691 6140 8380 4764 8851 2635 6134 84 5412
32 9812 9953 2015 175 7353 9426 5834 5239 2623 8943 5057 9654 9337 3866 5374 2266 2116 7018 8733 3312 8244 7537 2460 1313 6692 578 3507 291 112 8561 7657 7797
28 4054 2947 7410 6702 9724 5582 9966 9643 8827 6921 156 2128 4929 5797 1344 8420 9820 9980 531 7777 1408 9058 4096 8242 1294 1857 8729 2727
28 2436 8395 7830 6313 1087 8698 1210 6139 3011 6731 3427 4559 5970 4705 8260 4453 6878 1139 1191 3833 3017 1185 3674 9466 1651 2172 964 1934
30 9930 8780 8194 7263 3654 8302 7611 9535 5210 7095 9950 5282 2254 9612 300 1426 2043 7226 826 915 2911 770 5943 9554 3926 2859 6195 9224 1144 6314
31 361 1391 5309 276 5048 4349 4807 6196 6863 4591 8695 8357 4970 4186 7248 4645 3992 5470 3305 5863 1327 1597 2967 7691 2028 4630 5903 4299 8973 7743 8296
32 1718 7547 8195 5669 3938 2504 2243 253 3852 602 3008 5601 8538 3273 7121 6311 7604 808 2014 3956 3031 5012 5711 2807 8790 8021 2140 7658 9720 7479 2271 6400
30 5507 2145 3075 6981 5073 3074 4395 9302 6562 8266 6331 4840 7377 2779 1157 839 4133 4714 2240 6723 2312 8879 8991 8168 5176 1815 4254 4808 9583 4754
24 1875 3651 7953 9219 72 9410 2154 2661 7615 3379 4526 5804 8952 6845 8423 7495 6098 1832 6039 575 7524 5320 5644 2151
33 369 8503 930 7926 3039 7396 4781 177 443 3205 333 6535 1036 5652 842 108 2938 250 70 8530 2064 260 2980 7816 7881 9571 1200 9463 9085 6145 3643 2802 1068
31 4670 3213 4373 9060 3200 7409 4848 2407 5134 2535 5288 6648 6289 3219 8277 9117 9875 6173 9821 786 3526 5734 8394 1872 7440 2075 7714 4811 2734 9456 1110
24 6932 2292 3650 7621 1905 8022 9757 1345 2127 390 4218 4047 6881 1511 8845 9504 1165 2445 5072 6438 4377 3192 153 6407
29 6568 9406 8227 7962 500 462 7025 2728 4205 8630 6130 3699 6113 6493 7999 9150 7463 8586 8688 1070 1084 8876 3195 7423 1834 141 7654 6945 7035
27 7625 7269 3410 2275 2448 6083 8231 2244 482 5922 4735 3368 3661 4327 8370 2355 7516 2537 2699 8035 5597 901 6813 8122 671 6711 3500
32 6856 4971 5890 2084 8710 2749 5242 6070 9182 8884 4014 5154 5494 2671 2995 9838 4752 7890 820 5510 1161 4125 2357 9458 8062 2752 7291 8441 8181 8650 5161 3855
29 2276 9432 7414 2111 9360 8675 8846 4955 1637 3048 5158 9987 2806 1027 7023 1423 8654 4010 8910 2265 6769 8994 5006 702 6800 8207 656 8591 7157
28 8243 3288 4727 8751 5726 3378 9695 2358 9990 8855 9102 2564 7760 5686 8283 1932 6210 8337 6456 4143 413 9387 7132 7196 2510 8811 6790 3059
25 4067 8180 8791 8422 4729 2383 7888 3108 4597 5443 9952 6545 348 8629 7855 9494 1801 325 974 2124 2849 3797 7937 2112 1370
25 301 4140 3313 7715 9094 1647 5169 9587 947 7927 3100 4430 5716 5069 4710 7015 267 2417 3021 8980 9331 5120 3479 6226 9103
33 5913 8700 8609 642 3683 3469 1946 3931 1546 8858 9981 8656 7958 6021 3928 5495 6092 8893 4316 7420 601 5033 11 2645 8927 9889 5904 1130 7600 8958 2920 8011 1949
26 3534 9609 8584 4748 9915 5608 3357 1843 1030 581 6627 2179 28 1649 9725 9762 928 2717 8089 8240 8773 5487 4634 2766 2454 1217
27 8620 6960 8123 9137 852 2494 7292 3476 7052 6235 775 3426 5097 3681 6683 1751 2681 8498 544 3136 7994 9781 7359 1456 8100 737 3024
30 2839 3767 1297 8602 9758 3263 2848 5639 2206 4556 6524 6180 3976 8830 9192 4844 8163 8131 9596 4285 1658 3614 3907 9515 5444 8155 4607 1078 1434 5786
31 4350 4842 2415 7693 7638 2342 6003 7917 5822 5145 3485 6857 8955 8436 8488 4871 9416 4868 5748 5462 3662 8981 1536 7408 2348 2914 8226 5465 3232 30 6567
32 354 9253 4044 2495 6914 4041 7703 4086 728 2131 3158 2573 2603 1733 414 6146 8515 504 1558 6528 5749 4692 2308 1458 4178 2852 944 3775 5290 8880 7341 8443
